chunk-AWHRF5BE.js?v=edf0cc90:21551 Download the React DevTools for a better development experience: https://reactjs.org/link/react-devtools
chunk-3GKSM22F.js?v=edf0cc90:24 Module "path" has been externalized for browser compatibility. Cannot access "path.isAbsolute" in client code. See https://vite.dev/guide/troubleshooting.html#module-externalized-for-browser-compatibility for more details.
get @ chunk-3GKSM22F.js?v=edf0cc90:24
chunk-3GKSM22F.js?v=edf0cc90:24 Module "path" has been externalized for browser compatibility. Cannot access "path.resolve" in client code. See https://vite.dev/guide/troubleshooting.html#module-externalized-for-browser-compatibility for more details.
get @ chunk-3GKSM22F.js?v=edf0cc90:24
chunk-YL7YOCJA.js?v=edf0cc90:17978 Module "source-map-js" has been externalized for browser compatibility. Cannot access "source-map-js.SourceMapConsumer" in client code. See https://vite.dev/guide/troubleshooting.html#module-externalized-for-browser-compatibility for more details.
get @ chunk-YL7YOCJA.js?v=edf0cc90:17978
chunk-YL7YOCJA.js?v=edf0cc90:17978 Module "source-map-js" has been externalized for browser compatibility. Cannot access "source-map-js.SourceMapGenerator" in client code. See https://vite.dev/guide/troubleshooting.html#module-externalized-for-browser-compatibility for more details.
get @ chunk-YL7YOCJA.js?v=edf0cc90:17978
chunk-YL7YOCJA.js?v=edf0cc90:17991 Module "url" has been externalized for browser compatibility. Cannot access "url.fileURLToPath" in client code. See https://vite.dev/guide/troubleshooting.html#module-externalized-for-browser-compatibility for more details.
get @ chunk-YL7YOCJA.js?v=edf0cc90:17991
chunk-YL7YOCJA.js?v=edf0cc90:17991 Module "url" has been externalized for browser compatibility. Cannot access "url.pathToFileURL" in client code. See https://vite.dev/guide/troubleshooting.html#module-externalized-for-browser-compatibility for more details.
get @ chunk-YL7YOCJA.js?v=edf0cc90:17991
chunk-YL7YOCJA.js?v=edf0cc90:18004 Module "fs" has been externalized for browser compatibility. Cannot access "fs.existsSync" in client code. See https://vite.dev/guide/troubleshooting.html#module-externalized-for-browser-compatibility for more details.
get @ chunk-YL7YOCJA.js?v=edf0cc90:18004
chunk-YL7YOCJA.js?v=edf0cc90:18004 Module "fs" has been externalized for browser compatibility. Cannot access "fs.readFileSync" in client code. See https://vite.dev/guide/troubleshooting.html#module-externalized-for-browser-compatibility for more details.
get @ chunk-YL7YOCJA.js?v=edf0cc90:18004
chunk-3GKSM22F.js?v=edf0cc90:24 Module "path" has been externalized for browser compatibility. Cannot access "path.dirname" in client code. See https://vite.dev/guide/troubleshooting.html#module-externalized-for-browser-compatibility for more details.
get @ chunk-3GKSM22F.js?v=edf0cc90:24
chunk-3GKSM22F.js?v=edf0cc90:24 Module "path" has been externalized for browser compatibility. Cannot access "path.join" in client code. See https://vite.dev/guide/troubleshooting.html#module-externalized-for-browser-compatibility for more details.
get @ chunk-3GKSM22F.js?v=edf0cc90:24
chunk-YL7YOCJA.js?v=edf0cc90:17978 Module "source-map-js" has been externalized for browser compatibility. Cannot access "source-map-js.SourceMapConsumer" in client code. See https://vite.dev/guide/troubleshooting.html#module-externalized-for-browser-compatibility for more details.
get @ chunk-YL7YOCJA.js?v=edf0cc90:17978
chunk-YL7YOCJA.js?v=edf0cc90:17978 Module "source-map-js" has been externalized for browser compatibility. Cannot access "source-map-js.SourceMapGenerator" in client code. See https://vite.dev/guide/troubleshooting.html#module-externalized-for-browser-compatibility for more details.
get @ chunk-YL7YOCJA.js?v=edf0cc90:17978
chunk-3GKSM22F.js?v=edf0cc90:24 Module "path" has been externalized for browser compatibility. Cannot access "path.dirname" in client code. See https://vite.dev/guide/troubleshooting.html#module-externalized-for-browser-compatibility for more details.
get @ chunk-3GKSM22F.js?v=edf0cc90:24
chunk-3GKSM22F.js?v=edf0cc90:24 Module "path" has been externalized for browser compatibility. Cannot access "path.relative" in client code. See https://vite.dev/guide/troubleshooting.html#module-externalized-for-browser-compatibility for more details.
get @ chunk-3GKSM22F.js?v=edf0cc90:24
chunk-3GKSM22F.js?v=edf0cc90:24 Module "path" has been externalized for browser compatibility. Cannot access "path.resolve" in client code. See https://vite.dev/guide/troubleshooting.html#module-externalized-for-browser-compatibility for more details.
get @ chunk-3GKSM22F.js?v=edf0cc90:24
chunk-3GKSM22F.js?v=edf0cc90:24 Module "path" has been externalized for browser compatibility. Cannot access "path.sep" in client code. See https://vite.dev/guide/troubleshooting.html#module-externalized-for-browser-compatibility for more details.
get @ chunk-3GKSM22F.js?v=edf0cc90:24
chunk-YL7YOCJA.js?v=edf0cc90:17978 Module "source-map-js" has been externalized for browser compatibility. Cannot access "source-map-js.SourceMapConsumer" in client code. See https://vite.dev/guide/troubleshooting.html#module-externalized-for-browser-compatibility for more details.
get @ chunk-YL7YOCJA.js?v=edf0cc90:17978
chunk-YL7YOCJA.js?v=edf0cc90:17978 Module "source-map-js" has been externalized for browser compatibility. Cannot access "source-map-js.SourceMapGenerator" in client code. See https://vite.dev/guide/troubleshooting.html#module-externalized-for-browser-compatibility for more details.
get @ chunk-YL7YOCJA.js?v=edf0cc90:17978
chunk-YL7YOCJA.js?v=edf0cc90:17991 Module "url" has been externalized for browser compatibility. Cannot access "url.pathToFileURL" in client code. See https://vite.dev/guide/troubleshooting.html#module-externalized-for-browser-compatibility for more details.
get @ chunk-YL7YOCJA.js?v=edf0cc90:17991
BlockingPageContent.js:2  action SET_STORAGE_DATA @ 00:51:48.572
BlockingPageContent.js:2  prev state Object
BlockingPageContent.js:2  action     Object
BlockingPageContent.js:2  next state Object
core.js:9 [WIREFRAMEIT] - Content Core Script loaded
chunk-YKOBO53M.js?v=edf0cc90:5516 [Content Manager]: [deprecated] addMenuLink() was called with an async Component from the plugin "Content Manager". This will be removed in the future. Please use: `Component: () => import(path)` ensuring you return a default export instead.
Router.addMenuLink @ chunk-YKOBO53M.js?v=edf0cc90:5516
chunk-YKOBO53M.js?v=edf0cc90:5553 [Media Library]: [deprecated] addSettingsLink() was called with an async Component from the plugin "Media Library". This will be removed in the future. Please use: `Component: () => import(path)` ensuring you return a default export instead.
Router.createSettingsLink @ chunk-YKOBO53M.js?v=edf0cc90:5553
chunk-YKOBO53M.js?v=edf0cc90:5553 [Releases]: [deprecated] addSettingsLink() was called with an async Component from the plugin "Releases". This will be removed in the future. Please use: `Component: () => import(path)` ensuring you return a default export instead.
Router.createSettingsLink @ chunk-YKOBO53M.js?v=edf0cc90:5553
chunk-YKOBO53M.js?v=edf0cc90:5558 [Releases]: the `to` property of your settings link is an absolute path. It should be relative to `/settings`. This has been corrected for you but will be removed in a future version of Strapi.
Router.createSettingsLink @ chunk-YKOBO53M.js?v=edf0cc90:5558
chunk-YKOBO53M.js?v=edf0cc90:5553 [Review Workflows]: [deprecated] addSettingsLink() was called with an async Component from the plugin "Review Workflows". This will be removed in the future. Please use: `Component: () => import(path)` ensuring you return a default export instead.
Router.createSettingsLink @ chunk-YKOBO53M.js?v=edf0cc90:5553
NotificationContent.js:2  action SET_LOCALE @ 00:51:48.817
NotificationContent.js:2  prev state Object
NotificationContent.js:2  action     Object
NotificationContent.js:2  next state Object
NotificationContent.js:2  action SET_STORAGE_DATA @ 00:51:48.858
NotificationContent.js:2  prev state Object
NotificationContent.js:2  action     Object
NotificationContent.js:2  next state Object
chunk-QECYQD6B.js?v=edf0cc90:4436 ⚠️ React Router Future Flag Warning: React Router will begin wrapping state updates in `React.startTransition` in v7. You can use the `v7_startTransition` future flag to opt-in early. For more information, see https://reactrouter.com/v6/upgrading/future#v7_starttransition.
warnOnce @ chunk-QECYQD6B.js?v=edf0cc90:4436
chunk-MDWX3PLQ.js?v=edf0cc90:30 useRBAC: The first argument should be an array of permissions, not an object. This will be deprecated in the future.
(匿名) @ chunk-MDWX3PLQ.js?v=edf0cc90:30
chunk-mgcl-FUFTMLTV.js:16 @import rules are not allowed here. See https://github.com/WICG/construct-stylesheets/issues/119#issuecomment-588352418.
(匿名) @ chunk-mgcl-FUFTMLTV.js:16
chunk-ED77G7WQ.js?v=edf0cc90:65787 Error: [@formatjs/intl Error MISSING_TRANSLATION] Missing message: "content-manager.plugin.name" for locale "en-HK", using default message (Content Manager) as fallback.

    at new MissingTranslationError2 (chunk-ED77G7WQ.js?v=edf0cc90:65760:26)
    at formatMessage (chunk-ED77G7WQ.js?v=edf0cc90:65977:15)
    at formatMessage2 (chunk-ED77G7WQ.js?v=edf0cc90:66472:30)
    at AuthenticatedLayout-QZQPGVK4.js?v=edf0cc90:11183:66
    at Array.sort (<anonymous>)
    at LeftMenu (AuthenticatedLayout-QZQPGVK4.js?v=edf0cc90:11183:5)
    at renderWithHooks (chunk-AWHRF5BE.js?v=edf0cc90:11548:26)
    at mountIndeterminateComponent (chunk-AWHRF5BE.js?v=edf0cc90:14926:21)
    at beginWork (chunk-AWHRF5BE.js?v=edf0cc90:15914:22)
    at beginWork$1 (chunk-AWHRF5BE.js?v=edf0cc90:19753:22)
defaultErrorHandler @ chunk-ED77G7WQ.js?v=edf0cc90:65787
chunk-ED77G7WQ.js?v=edf0cc90:65787 Error: [@formatjs/intl Error MISSING_TRANSLATION] Missing message: "content-manager.plugin.name" for locale "en-HK", using default message (Content Manager) as fallback.

    at new MissingTranslationError2 (chunk-ED77G7WQ.js?v=edf0cc90:65760:26)
    at formatMessage (chunk-ED77G7WQ.js?v=edf0cc90:65977:15)
    at formatMessage2 (chunk-ED77G7WQ.js?v=edf0cc90:66472:30)
    at AuthenticatedLayout-QZQPGVK4.js?v=edf0cc90:999:24
    at Array.map (<anonymous>)
    at MainNavIcons (AuthenticatedLayout-QZQPGVK4.js?v=edf0cc90:993:43)
    at renderWithHooks (chunk-AWHRF5BE.js?v=edf0cc90:11548:26)
    at mountIndeterminateComponent (chunk-AWHRF5BE.js?v=edf0cc90:14926:21)
    at beginWork (chunk-AWHRF5BE.js?v=edf0cc90:15914:22)
    at beginWork$1 (chunk-AWHRF5BE.js?v=edf0cc90:19753:22)
defaultErrorHandler @ chunk-ED77G7WQ.js?v=edf0cc90:65787
chunk-ED77G7WQ.js?v=edf0cc90:65787 Error: [@formatjs/intl Error MISSING_TRANSLATION] Missing message: "app.components.UpsellBanner.intro.ended" for locale "en-HK", using default message (Your trial has ended: ) as fallback.

    at new MissingTranslationError2 (chunk-ED77G7WQ.js?v=edf0cc90:65760:26)
    at formatMessage (chunk-ED77G7WQ.js?v=edf0cc90:65977:15)
    at formatMessage2 (chunk-ED77G7WQ.js?v=edf0cc90:66472:30)
    at Banner (AuthenticatedLayout-QZQPGVK4.js?v=edf0cc90:11380:25)
    at renderWithHooks (chunk-AWHRF5BE.js?v=edf0cc90:11548:26)
    at mountIndeterminateComponent (chunk-AWHRF5BE.js?v=edf0cc90:14926:21)
    at beginWork (chunk-AWHRF5BE.js?v=edf0cc90:15914:22)
    at beginWork$1 (chunk-AWHRF5BE.js?v=edf0cc90:19753:22)
    at performUnitOfWork (chunk-AWHRF5BE.js?v=edf0cc90:19198:20)
    at workLoopSync (chunk-AWHRF5BE.js?v=edf0cc90:19137:13)
defaultErrorHandler @ chunk-ED77G7WQ.js?v=edf0cc90:65787
chunk-ED77G7WQ.js?v=edf0cc90:65787 Error: [@formatjs/intl Error MISSING_TRANSLATION] Missing message: "app.components.UpsellBanner.text.ended" for locale "en-HK", using default message (Keep access to Growth features by upgrading now.) as fallback.

    at new MissingTranslationError2 (chunk-ED77G7WQ.js?v=edf0cc90:65760:26)
    at formatMessage (chunk-ED77G7WQ.js?v=edf0cc90:65977:15)
    at formatMessage2 (chunk-ED77G7WQ.js?v=edf0cc90:66472:30)
    at Banner (AuthenticatedLayout-QZQPGVK4.js?v=edf0cc90:11394:25)
    at renderWithHooks (chunk-AWHRF5BE.js?v=edf0cc90:11548:26)
    at mountIndeterminateComponent (chunk-AWHRF5BE.js?v=edf0cc90:14926:21)
    at beginWork (chunk-AWHRF5BE.js?v=edf0cc90:15914:22)
    at beginWork$1 (chunk-AWHRF5BE.js?v=edf0cc90:19753:22)
    at performUnitOfWork (chunk-AWHRF5BE.js?v=edf0cc90:19198:20)
    at workLoopSync (chunk-AWHRF5BE.js?v=edf0cc90:19137:13)
defaultErrorHandler @ chunk-ED77G7WQ.js?v=edf0cc90:65787
chunk-ED77G7WQ.js?v=edf0cc90:65787 Error: [@formatjs/intl Error MISSING_TRANSLATION] Missing message: "app.components.UpsellBanner.button.ended" for locale "en-HK", using default message (Keep Growth plan) as fallback.

    at new MissingTranslationError2 (chunk-ED77G7WQ.js?v=edf0cc90:65760:26)
    at formatMessage (chunk-ED77G7WQ.js?v=edf0cc90:65977:15)
    at formatMessage2 (chunk-ED77G7WQ.js?v=edf0cc90:66472:30)
    at Banner (AuthenticatedLayout-QZQPGVK4.js?v=edf0cc90:11410:23)
    at renderWithHooks (chunk-AWHRF5BE.js?v=edf0cc90:11548:26)
    at mountIndeterminateComponent (chunk-AWHRF5BE.js?v=edf0cc90:14926:21)
    at beginWork (chunk-AWHRF5BE.js?v=edf0cc90:15914:22)
    at beginWork$1 (chunk-AWHRF5BE.js?v=edf0cc90:19753:22)
    at performUnitOfWork (chunk-AWHRF5BE.js?v=edf0cc90:19198:20)
    at workLoopSync (chunk-AWHRF5BE.js?v=edf0cc90:19137:13)
defaultErrorHandler @ chunk-ED77G7WQ.js?v=edf0cc90:65787
chunk-ED77G7WQ.js?v=edf0cc90:65787 Error: [@formatjs/intl Error MISSING_TRANSLATION] Missing message: "components.Select.placeholder" for locale "en-HK", using default message (Select) as fallback.

    at new MissingTranslationError2 (chunk-ED77G7WQ.js?v=edf0cc90:65760:26)
    at formatMessage (chunk-ED77G7WQ.js?v=edf0cc90:65977:15)
    at formatMessage2 (chunk-ED77G7WQ.js?v=edf0cc90:66472:30)
    at PreferencesSection (ProfilePage-PNIMHCNP.js?v=edf0cc90:444:26)
    at renderWithHooks (chunk-AWHRF5BE.js?v=edf0cc90:11548:26)
    at mountIndeterminateComponent (chunk-AWHRF5BE.js?v=edf0cc90:14926:21)
    at beginWork (chunk-AWHRF5BE.js?v=edf0cc90:15914:22)
    at beginWork$1 (chunk-AWHRF5BE.js?v=edf0cc90:19753:22)
    at performUnitOfWork (chunk-AWHRF5BE.js?v=edf0cc90:19198:20)
    at workLoopSync (chunk-AWHRF5BE.js?v=edf0cc90:19137:13)
defaultErrorHandler @ chunk-ED77G7WQ.js?v=edf0cc90:65787
chunk-ED77G7WQ.js?v=edf0cc90:65787 Error: [@formatjs/intl Error MISSING_TRANSLATION] Missing message: "content-manager.plugin.name" for locale "en-HK", using default message (Content Manager) as fallback.

    at new MissingTranslationError2 (chunk-ED77G7WQ.js?v=edf0cc90:65760:26)
    at formatMessage (chunk-ED77G7WQ.js?v=edf0cc90:65977:15)
    at formatMessage2 (chunk-ED77G7WQ.js?v=edf0cc90:66472:30)
    at AuthenticatedLayout-QZQPGVK4.js?v=edf0cc90:11183:66
    at Array.sort (<anonymous>)
    at LeftMenu (AuthenticatedLayout-QZQPGVK4.js?v=edf0cc90:11183:5)
    at renderWithHooks (chunk-AWHRF5BE.js?v=edf0cc90:11548:26)
    at updateFunctionComponent (chunk-AWHRF5BE.js?v=edf0cc90:14582:28)
    at beginWork (chunk-AWHRF5BE.js?v=edf0cc90:15924:22)
    at beginWork$1 (chunk-AWHRF5BE.js?v=edf0cc90:19753:22)
defaultErrorHandler @ chunk-ED77G7WQ.js?v=edf0cc90:65787
chunk-ED77G7WQ.js?v=edf0cc90:65787 Error: [@formatjs/intl Error MISSING_TRANSLATION] Missing message: "app.components.UpsellBanner.intro.ended" for locale "en-HK", using default message (Your trial has ended: ) as fallback.

    at new MissingTranslationError2 (chunk-ED77G7WQ.js?v=edf0cc90:65760:26)
    at formatMessage (chunk-ED77G7WQ.js?v=edf0cc90:65977:15)
    at formatMessage2 (chunk-ED77G7WQ.js?v=edf0cc90:66472:30)
    at Banner (AuthenticatedLayout-QZQPGVK4.js?v=edf0cc90:11380:25)
    at renderWithHooks (chunk-AWHRF5BE.js?v=edf0cc90:11548:26)
    at updateFunctionComponent (chunk-AWHRF5BE.js?v=edf0cc90:14582:28)
    at beginWork (chunk-AWHRF5BE.js?v=edf0cc90:15924:22)
    at beginWork$1 (chunk-AWHRF5BE.js?v=edf0cc90:19753:22)
    at performUnitOfWork (chunk-AWHRF5BE.js?v=edf0cc90:19198:20)
    at workLoopSync (chunk-AWHRF5BE.js?v=edf0cc90:19137:13)
defaultErrorHandler @ chunk-ED77G7WQ.js?v=edf0cc90:65787
chunk-ED77G7WQ.js?v=edf0cc90:65787 Error: [@formatjs/intl Error MISSING_TRANSLATION] Missing message: "app.components.UpsellBanner.text.ended" for locale "en-HK", using default message (Keep access to Growth features by upgrading now.) as fallback.

    at new MissingTranslationError2 (chunk-ED77G7WQ.js?v=edf0cc90:65760:26)
    at formatMessage (chunk-ED77G7WQ.js?v=edf0cc90:65977:15)
    at formatMessage2 (chunk-ED77G7WQ.js?v=edf0cc90:66472:30)
    at Banner (AuthenticatedLayout-QZQPGVK4.js?v=edf0cc90:11394:25)
    at renderWithHooks (chunk-AWHRF5BE.js?v=edf0cc90:11548:26)
    at updateFunctionComponent (chunk-AWHRF5BE.js?v=edf0cc90:14582:28)
    at beginWork (chunk-AWHRF5BE.js?v=edf0cc90:15924:22)
    at beginWork$1 (chunk-AWHRF5BE.js?v=edf0cc90:19753:22)
    at performUnitOfWork (chunk-AWHRF5BE.js?v=edf0cc90:19198:20)
    at workLoopSync (chunk-AWHRF5BE.js?v=edf0cc90:19137:13)
defaultErrorHandler @ chunk-ED77G7WQ.js?v=edf0cc90:65787
chunk-ED77G7WQ.js?v=edf0cc90:65787 Error: [@formatjs/intl Error MISSING_TRANSLATION] Missing message: "app.components.UpsellBanner.button.ended" for locale "en-HK", using default message (Keep Growth plan) as fallback.

    at new MissingTranslationError2 (chunk-ED77G7WQ.js?v=edf0cc90:65760:26)
    at formatMessage (chunk-ED77G7WQ.js?v=edf0cc90:65977:15)
    at formatMessage2 (chunk-ED77G7WQ.js?v=edf0cc90:66472:30)
    at Banner (AuthenticatedLayout-QZQPGVK4.js?v=edf0cc90:11410:23)
    at renderWithHooks (chunk-AWHRF5BE.js?v=edf0cc90:11548:26)
    at updateFunctionComponent (chunk-AWHRF5BE.js?v=edf0cc90:14582:28)
    at beginWork (chunk-AWHRF5BE.js?v=edf0cc90:15924:22)
    at beginWork$1 (chunk-AWHRF5BE.js?v=edf0cc90:19753:22)
    at performUnitOfWork (chunk-AWHRF5BE.js?v=edf0cc90:19198:20)
    at workLoopSync (chunk-AWHRF5BE.js?v=edf0cc90:19137:13)
defaultErrorHandler @ chunk-ED77G7WQ.js?v=edf0cc90:65787
chunk-ED77G7WQ.js?v=edf0cc90:65787 Error: [@formatjs/intl Error MISSING_TRANSLATION] Missing message: "content-manager.plugin.name" for locale "en-HK", using default message (Content Manager) as fallback.

    at new MissingTranslationError2 (chunk-ED77G7WQ.js?v=edf0cc90:65760:26)
    at formatMessage (chunk-ED77G7WQ.js?v=edf0cc90:65977:15)
    at formatMessage2 (chunk-ED77G7WQ.js?v=edf0cc90:66472:30)
    at AuthenticatedLayout-QZQPGVK4.js?v=edf0cc90:11183:66
    at Array.sort (<anonymous>)
    at LeftMenu (AuthenticatedLayout-QZQPGVK4.js?v=edf0cc90:11183:5)
    at renderWithHooks (chunk-AWHRF5BE.js?v=edf0cc90:11548:26)
    at updateFunctionComponent (chunk-AWHRF5BE.js?v=edf0cc90:14582:28)
    at beginWork (chunk-AWHRF5BE.js?v=edf0cc90:15924:22)
    at beginWork$1 (chunk-AWHRF5BE.js?v=edf0cc90:19753:22)
defaultErrorHandler @ chunk-ED77G7WQ.js?v=edf0cc90:65787
chunk-ED77G7WQ.js?v=edf0cc90:65787 Error: [@formatjs/intl Error MISSING_TRANSLATION] Missing message: "content-manager.plugin.name" for locale "en-HK", using default message (Content Manager) as fallback.

    at new MissingTranslationError2 (chunk-ED77G7WQ.js?v=edf0cc90:65760:26)
    at formatMessage (chunk-ED77G7WQ.js?v=edf0cc90:65977:15)
    at formatMessage2 (chunk-ED77G7WQ.js?v=edf0cc90:66472:30)
    at AuthenticatedLayout-QZQPGVK4.js?v=edf0cc90:999:24
    at Array.map (<anonymous>)
    at MainNavIcons (AuthenticatedLayout-QZQPGVK4.js?v=edf0cc90:993:43)
    at renderWithHooks (chunk-AWHRF5BE.js?v=edf0cc90:11548:26)
    at updateFunctionComponent (chunk-AWHRF5BE.js?v=edf0cc90:14582:28)
    at beginWork (chunk-AWHRF5BE.js?v=edf0cc90:15924:22)
    at beginWork$1 (chunk-AWHRF5BE.js?v=edf0cc90:19753:22)
defaultErrorHandler @ chunk-ED77G7WQ.js?v=edf0cc90:65787
chunk-ED77G7WQ.js?v=edf0cc90:65787 Error: [@formatjs/intl Error MISSING_TRANSLATION] Missing message: "app.components.UpsellBanner.intro.ended" for locale "en-HK", using default message (Your trial has ended: ) as fallback.

    at new MissingTranslationError2 (chunk-ED77G7WQ.js?v=edf0cc90:65760:26)
    at formatMessage (chunk-ED77G7WQ.js?v=edf0cc90:65977:15)
    at formatMessage2 (chunk-ED77G7WQ.js?v=edf0cc90:66472:30)
    at Banner (AuthenticatedLayout-QZQPGVK4.js?v=edf0cc90:11380:25)
    at renderWithHooks (chunk-AWHRF5BE.js?v=edf0cc90:11548:26)
    at updateFunctionComponent (chunk-AWHRF5BE.js?v=edf0cc90:14582:28)
    at beginWork (chunk-AWHRF5BE.js?v=edf0cc90:15924:22)
    at beginWork$1 (chunk-AWHRF5BE.js?v=edf0cc90:19753:22)
    at performUnitOfWork (chunk-AWHRF5BE.js?v=edf0cc90:19198:20)
    at workLoopSync (chunk-AWHRF5BE.js?v=edf0cc90:19137:13)
defaultErrorHandler @ chunk-ED77G7WQ.js?v=edf0cc90:65787
chunk-ED77G7WQ.js?v=edf0cc90:65787 Error: [@formatjs/intl Error MISSING_TRANSLATION] Missing message: "app.components.UpsellBanner.text.ended" for locale "en-HK", using default message (Keep access to Growth features by upgrading now.) as fallback.

    at new MissingTranslationError2 (chunk-ED77G7WQ.js?v=edf0cc90:65760:26)
    at formatMessage (chunk-ED77G7WQ.js?v=edf0cc90:65977:15)
    at formatMessage2 (chunk-ED77G7WQ.js?v=edf0cc90:66472:30)
    at Banner (AuthenticatedLayout-QZQPGVK4.js?v=edf0cc90:11394:25)
    at renderWithHooks (chunk-AWHRF5BE.js?v=edf0cc90:11548:26)
    at updateFunctionComponent (chunk-AWHRF5BE.js?v=edf0cc90:14582:28)
    at beginWork (chunk-AWHRF5BE.js?v=edf0cc90:15924:22)
    at beginWork$1 (chunk-AWHRF5BE.js?v=edf0cc90:19753:22)
    at performUnitOfWork (chunk-AWHRF5BE.js?v=edf0cc90:19198:20)
    at workLoopSync (chunk-AWHRF5BE.js?v=edf0cc90:19137:13)
defaultErrorHandler @ chunk-ED77G7WQ.js?v=edf0cc90:65787
chunk-ED77G7WQ.js?v=edf0cc90:65787 Error: [@formatjs/intl Error MISSING_TRANSLATION] Missing message: "app.components.UpsellBanner.button.ended" for locale "en-HK", using default message (Keep Growth plan) as fallback.

    at new MissingTranslationError2 (chunk-ED77G7WQ.js?v=edf0cc90:65760:26)
    at formatMessage (chunk-ED77G7WQ.js?v=edf0cc90:65977:15)
    at formatMessage2 (chunk-ED77G7WQ.js?v=edf0cc90:66472:30)
    at Banner (AuthenticatedLayout-QZQPGVK4.js?v=edf0cc90:11410:23)
    at renderWithHooks (chunk-AWHRF5BE.js?v=edf0cc90:11548:26)
    at updateFunctionComponent (chunk-AWHRF5BE.js?v=edf0cc90:14582:28)
    at beginWork (chunk-AWHRF5BE.js?v=edf0cc90:15924:22)
    at beginWork$1 (chunk-AWHRF5BE.js?v=edf0cc90:19753:22)
    at performUnitOfWork (chunk-AWHRF5BE.js?v=edf0cc90:19198:20)
    at workLoopSync (chunk-AWHRF5BE.js?v=edf0cc90:19137:13)
defaultErrorHandler @ chunk-ED77G7WQ.js?v=edf0cc90:65787
chunk-ED77G7WQ.js?v=edf0cc90:65787 Error: [@formatjs/intl Error MISSING_TRANSLATION] Missing message: "components.Select.placeholder" for locale "en-HK", using default message (Select) as fallback.

    at new MissingTranslationError2 (chunk-ED77G7WQ.js?v=edf0cc90:65760:26)
    at formatMessage (chunk-ED77G7WQ.js?v=edf0cc90:65977:15)
    at formatMessage2 (chunk-ED77G7WQ.js?v=edf0cc90:66472:30)
    at PreferencesSection (ProfilePage-PNIMHCNP.js?v=edf0cc90:444:26)
    at renderWithHooks (chunk-AWHRF5BE.js?v=edf0cc90:11548:26)
    at updateFunctionComponent (chunk-AWHRF5BE.js?v=edf0cc90:14582:28)
    at beginWork (chunk-AWHRF5BE.js?v=edf0cc90:15924:22)
    at beginWork$1 (chunk-AWHRF5BE.js?v=edf0cc90:19753:22)
    at performUnitOfWork (chunk-AWHRF5BE.js?v=edf0cc90:19198:20)
    at workLoopSync (chunk-AWHRF5BE.js?v=edf0cc90:19137:13)
defaultErrorHandler @ chunk-ED77G7WQ.js?v=edf0cc90:65787
chunk-ED77G7WQ.js?v=edf0cc90:65787 Error: [@formatjs/intl Error MISSING_TRANSLATION] Missing message: "content-manager.plugin.name" for locale "en-HK", using default message (Content Manager) as fallback.

    at new MissingTranslationError2 (chunk-ED77G7WQ.js?v=edf0cc90:65760:26)
    at formatMessage (chunk-ED77G7WQ.js?v=edf0cc90:65977:15)
    at formatMessage2 (chunk-ED77G7WQ.js?v=edf0cc90:66472:30)
    at AuthenticatedLayout-QZQPGVK4.js?v=edf0cc90:11183:66
    at Array.sort (<anonymous>)
    at LeftMenu (AuthenticatedLayout-QZQPGVK4.js?v=edf0cc90:11183:5)
    at renderWithHooks (chunk-AWHRF5BE.js?v=edf0cc90:11548:26)
    at updateFunctionComponent (chunk-AWHRF5BE.js?v=edf0cc90:14582:28)
    at beginWork (chunk-AWHRF5BE.js?v=edf0cc90:15924:22)
    at beginWork$1 (chunk-AWHRF5BE.js?v=edf0cc90:19753:22)
defaultErrorHandler @ chunk-ED77G7WQ.js?v=edf0cc90:65787
chunk-ED77G7WQ.js?v=edf0cc90:65787 Error: [@formatjs/intl Error MISSING_TRANSLATION] Missing message: "app.components.UpsellBanner.intro.ended" for locale "en-HK", using default message (Your trial has ended: ) as fallback.

    at new MissingTranslationError2 (chunk-ED77G7WQ.js?v=edf0cc90:65760:26)
    at formatMessage (chunk-ED77G7WQ.js?v=edf0cc90:65977:15)
    at formatMessage2 (chunk-ED77G7WQ.js?v=edf0cc90:66472:30)
    at Banner (AuthenticatedLayout-QZQPGVK4.js?v=edf0cc90:11380:25)
    at renderWithHooks (chunk-AWHRF5BE.js?v=edf0cc90:11548:26)
    at updateFunctionComponent (chunk-AWHRF5BE.js?v=edf0cc90:14582:28)
    at beginWork (chunk-AWHRF5BE.js?v=edf0cc90:15924:22)
    at beginWork$1 (chunk-AWHRF5BE.js?v=edf0cc90:19753:22)
    at performUnitOfWork (chunk-AWHRF5BE.js?v=edf0cc90:19198:20)
    at workLoopSync (chunk-AWHRF5BE.js?v=edf0cc90:19137:13)
defaultErrorHandler @ chunk-ED77G7WQ.js?v=edf0cc90:65787
chunk-ED77G7WQ.js?v=edf0cc90:65787 Error: [@formatjs/intl Error MISSING_TRANSLATION] Missing message: "app.components.UpsellBanner.text.ended" for locale "en-HK", using default message (Keep access to Growth features by upgrading now.) as fallback.

    at new MissingTranslationError2 (chunk-ED77G7WQ.js?v=edf0cc90:65760:26)
    at formatMessage (chunk-ED77G7WQ.js?v=edf0cc90:65977:15)
    at formatMessage2 (chunk-ED77G7WQ.js?v=edf0cc90:66472:30)
    at Banner (AuthenticatedLayout-QZQPGVK4.js?v=edf0cc90:11394:25)
    at renderWithHooks (chunk-AWHRF5BE.js?v=edf0cc90:11548:26)
    at updateFunctionComponent (chunk-AWHRF5BE.js?v=edf0cc90:14582:28)
    at beginWork (chunk-AWHRF5BE.js?v=edf0cc90:15924:22)
    at beginWork$1 (chunk-AWHRF5BE.js?v=edf0cc90:19753:22)
    at performUnitOfWork (chunk-AWHRF5BE.js?v=edf0cc90:19198:20)
    at workLoopSync (chunk-AWHRF5BE.js?v=edf0cc90:19137:13)
defaultErrorHandler @ chunk-ED77G7WQ.js?v=edf0cc90:65787
chunk-ED77G7WQ.js?v=edf0cc90:65787 Error: [@formatjs/intl Error MISSING_TRANSLATION] Missing message: "app.components.UpsellBanner.button.ended" for locale "en-HK", using default message (Keep Growth plan) as fallback.

    at new MissingTranslationError2 (chunk-ED77G7WQ.js?v=edf0cc90:65760:26)
    at formatMessage (chunk-ED77G7WQ.js?v=edf0cc90:65977:15)
    at formatMessage2 (chunk-ED77G7WQ.js?v=edf0cc90:66472:30)
    at Banner (AuthenticatedLayout-QZQPGVK4.js?v=edf0cc90:11410:23)
    at renderWithHooks (chunk-AWHRF5BE.js?v=edf0cc90:11548:26)
    at updateFunctionComponent (chunk-AWHRF5BE.js?v=edf0cc90:14582:28)
    at beginWork (chunk-AWHRF5BE.js?v=edf0cc90:15924:22)
    at beginWork$1 (chunk-AWHRF5BE.js?v=edf0cc90:19753:22)
    at performUnitOfWork (chunk-AWHRF5BE.js?v=edf0cc90:19198:20)
    at workLoopSync (chunk-AWHRF5BE.js?v=edf0cc90:19137:13)
defaultErrorHandler @ chunk-ED77G7WQ.js?v=edf0cc90:65787
chunk-ED77G7WQ.js?v=edf0cc90:65787 Error: [@formatjs/intl Error MISSING_TRANSLATION] Missing message: "content-manager.plugin.name" for locale "en-HK", using default message (Content Manager) as fallback.

    at new MissingTranslationError2 (chunk-ED77G7WQ.js?v=edf0cc90:65760:26)
    at formatMessage (chunk-ED77G7WQ.js?v=edf0cc90:65977:15)
    at formatMessage2 (chunk-ED77G7WQ.js?v=edf0cc90:66472:30)
    at AuthenticatedLayout-QZQPGVK4.js?v=edf0cc90:11183:66
    at Array.sort (<anonymous>)
    at LeftMenu (AuthenticatedLayout-QZQPGVK4.js?v=edf0cc90:11183:5)
    at renderWithHooks (chunk-AWHRF5BE.js?v=edf0cc90:11548:26)
    at updateFunctionComponent (chunk-AWHRF5BE.js?v=edf0cc90:14582:28)
    at beginWork (chunk-AWHRF5BE.js?v=edf0cc90:15924:22)
    at beginWork$1 (chunk-AWHRF5BE.js?v=edf0cc90:19753:22)
defaultErrorHandler @ chunk-ED77G7WQ.js?v=edf0cc90:65787
chunk-ED77G7WQ.js?v=edf0cc90:65787 Error: [@formatjs/intl Error MISSING_TRANSLATION] Missing message: "content-manager.plugin.name" for locale "en-HK", using default message (Content Manager) as fallback.

    at new MissingTranslationError2 (chunk-ED77G7WQ.js?v=edf0cc90:65760:26)
    at formatMessage (chunk-ED77G7WQ.js?v=edf0cc90:65977:15)
    at formatMessage2 (chunk-ED77G7WQ.js?v=edf0cc90:66472:30)
    at AuthenticatedLayout-QZQPGVK4.js?v=edf0cc90:999:24
    at Array.map (<anonymous>)
    at MainNavIcons (AuthenticatedLayout-QZQPGVK4.js?v=edf0cc90:993:43)
    at renderWithHooks (chunk-AWHRF5BE.js?v=edf0cc90:11548:26)
    at updateFunctionComponent (chunk-AWHRF5BE.js?v=edf0cc90:14582:28)
    at beginWork (chunk-AWHRF5BE.js?v=edf0cc90:15924:22)
    at beginWork$1 (chunk-AWHRF5BE.js?v=edf0cc90:19753:22)
defaultErrorHandler @ chunk-ED77G7WQ.js?v=edf0cc90:65787
chunk-ED77G7WQ.js?v=edf0cc90:65787 Error: [@formatjs/intl Error MISSING_TRANSLATION] Missing message: "app.components.UpsellBanner.intro.ended" for locale "en-HK", using default message (Your trial has ended: ) as fallback.

    at new MissingTranslationError2 (chunk-ED77G7WQ.js?v=edf0cc90:65760:26)
    at formatMessage (chunk-ED77G7WQ.js?v=edf0cc90:65977:15)
    at formatMessage2 (chunk-ED77G7WQ.js?v=edf0cc90:66472:30)
    at Banner (AuthenticatedLayout-QZQPGVK4.js?v=edf0cc90:11380:25)
    at renderWithHooks (chunk-AWHRF5BE.js?v=edf0cc90:11548:26)
    at updateFunctionComponent (chunk-AWHRF5BE.js?v=edf0cc90:14582:28)
    at beginWork (chunk-AWHRF5BE.js?v=edf0cc90:15924:22)
    at beginWork$1 (chunk-AWHRF5BE.js?v=edf0cc90:19753:22)
    at performUnitOfWork (chunk-AWHRF5BE.js?v=edf0cc90:19198:20)
    at workLoopSync (chunk-AWHRF5BE.js?v=edf0cc90:19137:13)
defaultErrorHandler @ chunk-ED77G7WQ.js?v=edf0cc90:65787
chunk-ED77G7WQ.js?v=edf0cc90:65787 Error: [@formatjs/intl Error MISSING_TRANSLATION] Missing message: "app.components.UpsellBanner.text.ended" for locale "en-HK", using default message (Keep access to Growth features by upgrading now.) as fallback.

    at new MissingTranslationError2 (chunk-ED77G7WQ.js?v=edf0cc90:65760:26)
    at formatMessage (chunk-ED77G7WQ.js?v=edf0cc90:65977:15)
    at formatMessage2 (chunk-ED77G7WQ.js?v=edf0cc90:66472:30)
    at Banner (AuthenticatedLayout-QZQPGVK4.js?v=edf0cc90:11394:25)
    at renderWithHooks (chunk-AWHRF5BE.js?v=edf0cc90:11548:26)
    at updateFunctionComponent (chunk-AWHRF5BE.js?v=edf0cc90:14582:28)
    at beginWork (chunk-AWHRF5BE.js?v=edf0cc90:15924:22)
    at beginWork$1 (chunk-AWHRF5BE.js?v=edf0cc90:19753:22)
    at performUnitOfWork (chunk-AWHRF5BE.js?v=edf0cc90:19198:20)
    at workLoopSync (chunk-AWHRF5BE.js?v=edf0cc90:19137:13)
defaultErrorHandler @ chunk-ED77G7WQ.js?v=edf0cc90:65787
chunk-ED77G7WQ.js?v=edf0cc90:65787 Error: [@formatjs/intl Error MISSING_TRANSLATION] Missing message: "app.components.UpsellBanner.button.ended" for locale "en-HK", using default message (Keep Growth plan) as fallback.

    at new MissingTranslationError2 (chunk-ED77G7WQ.js?v=edf0cc90:65760:26)
    at formatMessage (chunk-ED77G7WQ.js?v=edf0cc90:65977:15)
    at formatMessage2 (chunk-ED77G7WQ.js?v=edf0cc90:66472:30)
    at Banner (AuthenticatedLayout-QZQPGVK4.js?v=edf0cc90:11410:23)
    at renderWithHooks (chunk-AWHRF5BE.js?v=edf0cc90:11548:26)
    at updateFunctionComponent (chunk-AWHRF5BE.js?v=edf0cc90:14582:28)
    at beginWork (chunk-AWHRF5BE.js?v=edf0cc90:15924:22)
    at beginWork$1 (chunk-AWHRF5BE.js?v=edf0cc90:19753:22)
    at performUnitOfWork (chunk-AWHRF5BE.js?v=edf0cc90:19198:20)
    at workLoopSync (chunk-AWHRF5BE.js?v=edf0cc90:19137:13)
defaultErrorHandler @ chunk-ED77G7WQ.js?v=edf0cc90:65787
chunk-ED77G7WQ.js?v=edf0cc90:65787 Error: [@formatjs/intl Error MISSING_TRANSLATION] Missing message: "content-manager.plugin.name" for locale "en-HK", using default message (Content Manager) as fallback.

    at new MissingTranslationError2 (chunk-ED77G7WQ.js?v=edf0cc90:65760:26)
    at formatMessage (chunk-ED77G7WQ.js?v=edf0cc90:65977:15)
    at formatMessage2 (chunk-ED77G7WQ.js?v=edf0cc90:66472:30)
    at AuthenticatedLayout-QZQPGVK4.js?v=edf0cc90:11183:66
    at Array.sort (<anonymous>)
    at LeftMenu (AuthenticatedLayout-QZQPGVK4.js?v=edf0cc90:11183:5)
    at renderWithHooks (chunk-AWHRF5BE.js?v=edf0cc90:11548:26)
    at updateFunctionComponent (chunk-AWHRF5BE.js?v=edf0cc90:14582:28)
    at beginWork (chunk-AWHRF5BE.js?v=edf0cc90:15924:22)
    at beginWork$1 (chunk-AWHRF5BE.js?v=edf0cc90:19753:22)
defaultErrorHandler @ chunk-ED77G7WQ.js?v=edf0cc90:65787
chunk-ED77G7WQ.js?v=edf0cc90:65787 Error: [@formatjs/intl Error MISSING_TRANSLATION] Missing message: "content-manager.plugin.name" for locale "en-HK", using default message (Content Manager) as fallback.

    at new MissingTranslationError2 (chunk-ED77G7WQ.js?v=edf0cc90:65760:26)
    at formatMessage (chunk-ED77G7WQ.js?v=edf0cc90:65977:15)
    at formatMessage2 (chunk-ED77G7WQ.js?v=edf0cc90:66472:30)
    at AuthenticatedLayout-QZQPGVK4.js?v=edf0cc90:11183:66
    at Array.sort (<anonymous>)
    at LeftMenu (AuthenticatedLayout-QZQPGVK4.js?v=edf0cc90:11183:5)
    at renderWithHooks (chunk-AWHRF5BE.js?v=edf0cc90:11548:26)
    at updateFunctionComponent (chunk-AWHRF5BE.js?v=edf0cc90:14582:28)
    at beginWork (chunk-AWHRF5BE.js?v=edf0cc90:15924:22)
    at beginWork$1 (chunk-AWHRF5BE.js?v=edf0cc90:19753:22)
defaultErrorHandler @ chunk-ED77G7WQ.js?v=edf0cc90:65787
chunk-ED77G7WQ.js?v=edf0cc90:65787 Error: [@formatjs/intl Error MISSING_TRANSLATION] Missing message: "content-manager.plugin.name" for locale "en-HK", using default message (Content Manager) as fallback.

    at new MissingTranslationError2 (chunk-ED77G7WQ.js?v=edf0cc90:65760:26)
    at formatMessage (chunk-ED77G7WQ.js?v=edf0cc90:65977:15)
    at formatMessage2 (chunk-ED77G7WQ.js?v=edf0cc90:66472:30)
    at AuthenticatedLayout-QZQPGVK4.js?v=edf0cc90:999:24
    at Array.map (<anonymous>)
    at MainNavIcons (AuthenticatedLayout-QZQPGVK4.js?v=edf0cc90:993:43)
    at renderWithHooks (chunk-AWHRF5BE.js?v=edf0cc90:11548:26)
    at updateFunctionComponent (chunk-AWHRF5BE.js?v=edf0cc90:14582:28)
    at beginWork (chunk-AWHRF5BE.js?v=edf0cc90:15924:22)
    at beginWork$1 (chunk-AWHRF5BE.js?v=edf0cc90:19753:22)
defaultErrorHandler @ chunk-ED77G7WQ.js?v=edf0cc90:65787
chunk-ED77G7WQ.js?v=edf0cc90:65787 Error: [@formatjs/intl Error MISSING_TRANSLATION] Missing message: "app.components.UpsellBanner.intro.ended" for locale "en-HK", using default message (Your trial has ended: ) as fallback.

    at new MissingTranslationError2 (chunk-ED77G7WQ.js?v=edf0cc90:65760:26)
    at formatMessage (chunk-ED77G7WQ.js?v=edf0cc90:65977:15)
    at formatMessage2 (chunk-ED77G7WQ.js?v=edf0cc90:66472:30)
    at Banner (AuthenticatedLayout-QZQPGVK4.js?v=edf0cc90:11380:25)
    at renderWithHooks (chunk-AWHRF5BE.js?v=edf0cc90:11548:26)
    at updateFunctionComponent (chunk-AWHRF5BE.js?v=edf0cc90:14582:28)
    at beginWork (chunk-AWHRF5BE.js?v=edf0cc90:15924:22)
    at beginWork$1 (chunk-AWHRF5BE.js?v=edf0cc90:19753:22)
    at performUnitOfWork (chunk-AWHRF5BE.js?v=edf0cc90:19198:20)
    at workLoopSync (chunk-AWHRF5BE.js?v=edf0cc90:19137:13)
defaultErrorHandler @ chunk-ED77G7WQ.js?v=edf0cc90:65787
chunk-ED77G7WQ.js?v=edf0cc90:65787 Error: [@formatjs/intl Error MISSING_TRANSLATION] Missing message: "app.components.UpsellBanner.text.ended" for locale "en-HK", using default message (Keep access to Growth features by upgrading now.) as fallback.

    at new MissingTranslationError2 (chunk-ED77G7WQ.js?v=edf0cc90:65760:26)
    at formatMessage (chunk-ED77G7WQ.js?v=edf0cc90:65977:15)
    at formatMessage2 (chunk-ED77G7WQ.js?v=edf0cc90:66472:30)
    at Banner (AuthenticatedLayout-QZQPGVK4.js?v=edf0cc90:11394:25)
    at renderWithHooks (chunk-AWHRF5BE.js?v=edf0cc90:11548:26)
    at updateFunctionComponent (chunk-AWHRF5BE.js?v=edf0cc90:14582:28)
    at beginWork (chunk-AWHRF5BE.js?v=edf0cc90:15924:22)
    at beginWork$1 (chunk-AWHRF5BE.js?v=edf0cc90:19753:22)
    at performUnitOfWork (chunk-AWHRF5BE.js?v=edf0cc90:19198:20)
    at workLoopSync (chunk-AWHRF5BE.js?v=edf0cc90:19137:13)
defaultErrorHandler @ chunk-ED77G7WQ.js?v=edf0cc90:65787
chunk-ED77G7WQ.js?v=edf0cc90:65787 Error: [@formatjs/intl Error MISSING_TRANSLATION] Missing message: "app.components.UpsellBanner.button.ended" for locale "en-HK", using default message (Keep Growth plan) as fallback.

    at new MissingTranslationError2 (chunk-ED77G7WQ.js?v=edf0cc90:65760:26)
    at formatMessage (chunk-ED77G7WQ.js?v=edf0cc90:65977:15)
    at formatMessage2 (chunk-ED77G7WQ.js?v=edf0cc90:66472:30)
    at Banner (AuthenticatedLayout-QZQPGVK4.js?v=edf0cc90:11410:23)
    at renderWithHooks (chunk-AWHRF5BE.js?v=edf0cc90:11548:26)
    at updateFunctionComponent (chunk-AWHRF5BE.js?v=edf0cc90:14582:28)
    at beginWork (chunk-AWHRF5BE.js?v=edf0cc90:15924:22)
    at beginWork$1 (chunk-AWHRF5BE.js?v=edf0cc90:19753:22)
    at performUnitOfWork (chunk-AWHRF5BE.js?v=edf0cc90:19198:20)
    at workLoopSync (chunk-AWHRF5BE.js?v=edf0cc90:19137:13)
defaultErrorHandler @ chunk-ED77G7WQ.js?v=edf0cc90:65787
警告：請勿將不瞭解或未檢查過的程式碼貼到開發人員工具控制台，攻擊者可能會藉此盜用身分或控管你的電腦。請在下方輸入「允許貼上」，並且按下 Enter 鍵允許貼上。
