 Download the React DevTools for a better development experience: https://reactjs.org/link/react-devtools
 Module "path" has been externalized for browser compatibility. Cannot access "path.isAbsolute" in client code. See https://vite.dev/guide/troubleshooting.html#module-externalized-for-browser-compatibility for more details.
get @ chunk-3GKSM22F.js?v=d5c9a716:24
 Module "path" has been externalized for browser compatibility. Cannot access "path.resolve" in client code. See https://vite.dev/guide/troubleshooting.html#module-externalized-for-browser-compatibility for more details.
get @ chunk-3GKSM22F.js?v=d5c9a716:24
 Module "source-map-js" has been externalized for browser compatibility. Cannot access "source-map-js.SourceMapConsumer" in client code. See https://vite.dev/guide/troubleshooting.html#module-externalized-for-browser-compatibility for more details.
get @ chunk-OYIGKTDO.js?v=d5c9a716:5303
 Module "source-map-js" has been externalized for browser compatibility. Cannot access "source-map-js.SourceMapGenerator" in client code. See https://vite.dev/guide/troubleshooting.html#module-externalized-for-browser-compatibility for more details.
get @ chunk-OYIGKTDO.js?v=d5c9a716:5303
 Module "url" has been externalized for browser compatibility. Cannot access "url.fileURLToPath" in client code. See https://vite.dev/guide/troubleshooting.html#module-externalized-for-browser-compatibility for more details.
get @ chunk-OYIGKTDO.js?v=d5c9a716:5316
 Module "url" has been externalized for browser compatibility. Cannot access "url.pathToFileURL" in client code. See https://vite.dev/guide/troubleshooting.html#module-externalized-for-browser-compatibility for more details.
get @ chunk-OYIGKTDO.js?v=d5c9a716:5316
 Module "fs" has been externalized for browser compatibility. Cannot access "fs.existsSync" in client code. See https://vite.dev/guide/troubleshooting.html#module-externalized-for-browser-compatibility for more details.
get @ chunk-OYIGKTDO.js?v=d5c9a716:5329
 Module "fs" has been externalized for browser compatibility. Cannot access "fs.readFileSync" in client code. See https://vite.dev/guide/troubleshooting.html#module-externalized-for-browser-compatibility for more details.
get @ chunk-OYIGKTDO.js?v=d5c9a716:5329
 Module "path" has been externalized for browser compatibility. Cannot access "path.dirname" in client code. See https://vite.dev/guide/troubleshooting.html#module-externalized-for-browser-compatibility for more details.
get @ chunk-3GKSM22F.js?v=d5c9a716:24
 Module "path" has been externalized for browser compatibility. Cannot access "path.join" in client code. See https://vite.dev/guide/troubleshooting.html#module-externalized-for-browser-compatibility for more details.
get @ chunk-3GKSM22F.js?v=d5c9a716:24
 Module "source-map-js" has been externalized for browser compatibility. Cannot access "source-map-js.SourceMapConsumer" in client code. See https://vite.dev/guide/troubleshooting.html#module-externalized-for-browser-compatibility for more details.
get @ chunk-OYIGKTDO.js?v=d5c9a716:5303
 Module "source-map-js" has been externalized for browser compatibility. Cannot access "source-map-js.SourceMapGenerator" in client code. See https://vite.dev/guide/troubleshooting.html#module-externalized-for-browser-compatibility for more details.
get @ chunk-OYIGKTDO.js?v=d5c9a716:5303
 Module "path" has been externalized for browser compatibility. Cannot access "path.dirname" in client code. See https://vite.dev/guide/troubleshooting.html#module-externalized-for-browser-compatibility for more details.
get @ chunk-3GKSM22F.js?v=d5c9a716:24
 Module "path" has been externalized for browser compatibility. Cannot access "path.relative" in client code. See https://vite.dev/guide/troubleshooting.html#module-externalized-for-browser-compatibility for more details.
get @ chunk-3GKSM22F.js?v=d5c9a716:24
 Module "path" has been externalized for browser compatibility. Cannot access "path.resolve" in client code. See https://vite.dev/guide/troubleshooting.html#module-externalized-for-browser-compatibility for more details.
get @ chunk-3GKSM22F.js?v=d5c9a716:24
 Module "path" has been externalized for browser compatibility. Cannot access "path.sep" in client code. See https://vite.dev/guide/troubleshooting.html#module-externalized-for-browser-compatibility for more details.
get @ chunk-3GKSM22F.js?v=d5c9a716:24
 Module "source-map-js" has been externalized for browser compatibility. Cannot access "source-map-js.SourceMapConsumer" in client code. See https://vite.dev/guide/troubleshooting.html#module-externalized-for-browser-compatibility for more details.
get @ chunk-OYIGKTDO.js?v=d5c9a716:5303
 Module "source-map-js" has been externalized for browser compatibility. Cannot access "source-map-js.SourceMapGenerator" in client code. See https://vite.dev/guide/troubleshooting.html#module-externalized-for-browser-compatibility for more details.
get @ chunk-OYIGKTDO.js?v=d5c9a716:5303
 Module "url" has been externalized for browser compatibility. Cannot access "url.pathToFileURL" in client code. See https://vite.dev/guide/troubleshooting.html#module-externalized-for-browser-compatibility for more details.
get @ chunk-OYIGKTDO.js?v=d5c9a716:5316
 [Content Manager]: [deprecated] addMenuLink() was called with an async Component from the plugin "Content Manager". This will be removed in the future. Please use: `Component: () => import(path)` ensuring you return a default export instead.
Router.addMenuLink @ chunk-YDPIZGBG.js?v=d5c9a716:5518
 [Media Library]: [deprecated] addSettingsLink() was called with an async Component from the plugin "Media Library". This will be removed in the future. Please use: `Component: () => import(path)` ensuring you return a default export instead.
Router.createSettingsLink @ chunk-YDPIZGBG.js?v=d5c9a716:5555
 [Releases]: [deprecated] addSettingsLink() was called with an async Component from the plugin "Releases". This will be removed in the future. Please use: `Component: () => import(path)` ensuring you return a default export instead.
Router.createSettingsLink @ chunk-YDPIZGBG.js?v=d5c9a716:5555
 [Releases]: the `to` property of your settings link is an absolute path. It should be relative to `/settings`. This has been corrected for you but will be removed in a future version of Strapi.
Router.createSettingsLink @ chunk-YDPIZGBG.js?v=d5c9a716:5560
 [Review Workflows]: [deprecated] addSettingsLink() was called with an async Component from the plugin "Review Workflows". This will be removed in the future. Please use: `Component: () => import(path)` ensuring you return a default export instead.
Router.createSettingsLink @ chunk-YDPIZGBG.js?v=d5c9a716:5555
 Object
  action SET_STORAGE_DATA @ 13:52:32.209
  prev state Object
  action     Object
  next state Object
 [WIREFRAMEIT] - Content Core Script loaded
  action SET_LOCALE @ 13:52:32.426
  prev state Object
  action     Object
  next state Object
  action SET_STORAGE_DATA @ 13:52:32.479
  prev state Object
  action     Object
  next state Object
 ⚠️ React Router Future Flag Warning: React Router will begin wrapping state updates in `React.startTransition` in v7. You can use the `v7_startTransition` future flag to opt-in early. For more information, see https://reactrouter.com/v6/upgrading/future#v7_starttransition.
warnOnce @ chunk-QECYQD6B.js?v=d5c9a716:4436
 useRBAC: The first argument should be an array of permissions, not an object. This will be deprecated in the future.
(匿名) @ chunk-FY54KM3M.js?v=d5c9a716:30
 @import rules are not allowed here. See https://github.com/WICG/construct-stylesheets/issues/119#issuecomment-588352418.
(匿名) @ chunk-mgcl-FUFTMLTV.js:16
 
defaultErrorHandler @ chunk-SD5PZODE.js?v=d5c9a716:3765
 
defaultErrorHandler @ chunk-SD5PZODE.js?v=d5c9a716:3765
 
defaultErrorHandler @ chunk-SD5PZODE.js?v=d5c9a716:3765
 
defaultErrorHandler @ chunk-SD5PZODE.js?v=d5c9a716:3765
 
defaultErrorHandler @ chunk-SD5PZODE.js?v=d5c9a716:3765
 
defaultErrorHandler @ chunk-SD5PZODE.js?v=d5c9a716:3765
 
defaultErrorHandler @ chunk-SD5PZODE.js?v=d5c9a716:3765
 
defaultErrorHandler @ chunk-SD5PZODE.js?v=d5c9a716:3765
 
defaultErrorHandler @ chunk-SD5PZODE.js?v=d5c9a716:3765
 
defaultErrorHandler @ chunk-SD5PZODE.js?v=d5c9a716:3765
 
defaultErrorHandler @ chunk-SD5PZODE.js?v=d5c9a716:3765
 
defaultErrorHandler @ chunk-SD5PZODE.js?v=d5c9a716:3765
 
defaultErrorHandler @ chunk-SD5PZODE.js?v=d5c9a716:3765
 
defaultErrorHandler @ chunk-SD5PZODE.js?v=d5c9a716:3765
 
defaultErrorHandler @ chunk-SD5PZODE.js?v=d5c9a716:3765
 
defaultErrorHandler @ chunk-SD5PZODE.js?v=d5c9a716:3765
 
defaultErrorHandler @ chunk-SD5PZODE.js?v=d5c9a716:3765
 
defaultErrorHandler @ chunk-SD5PZODE.js?v=d5c9a716:3765
 
defaultErrorHandler @ chunk-SD5PZODE.js?v=d5c9a716:3765
 
defaultErrorHandler @ chunk-SD5PZODE.js?v=d5c9a716:3765
 
defaultErrorHandler @ chunk-SD5PZODE.js?v=d5c9a716:3765
 
defaultErrorHandler @ chunk-SD5PZODE.js?v=d5c9a716:3765
 
defaultErrorHandler @ chunk-SD5PZODE.js?v=d5c9a716:3765
 
defaultErrorHandler @ chunk-SD5PZODE.js?v=d5c9a716:3765
 
defaultErrorHandler @ chunk-SD5PZODE.js?v=d5c9a716:3765
 
defaultErrorHandler @ chunk-SD5PZODE.js?v=d5c9a716:3765
 
defaultErrorHandler @ chunk-SD5PZODE.js?v=d5c9a716:3765
 
defaultErrorHandler @ chunk-SD5PZODE.js?v=d5c9a716:3765
 
defaultErrorHandler @ chunk-SD5PZODE.js?v=d5c9a716:3765
 
defaultErrorHandler @ chunk-SD5PZODE.js?v=d5c9a716:3765
 
defaultErrorHandler @ chunk-SD5PZODE.js?v=d5c9a716:3765
 
defaultErrorHandler @ chunk-SD5PZODE.js?v=d5c9a716:3765
 
defaultErrorHandler @ chunk-SD5PZODE.js?v=d5c9a716:3765
 
defaultErrorHandler @ chunk-SD5PZODE.js?v=d5c9a716:3765
 
defaultErrorHandler @ chunk-SD5PZODE.js?v=d5c9a716:3765
 
defaultErrorHandler @ chunk-SD5PZODE.js?v=d5c9a716:3765
 
defaultErrorHandler @ chunk-SD5PZODE.js?v=d5c9a716:3765
 
defaultErrorHandler @ chunk-SD5PZODE.js?v=d5c9a716:3765
 
defaultErrorHandler @ chunk-SD5PZODE.js?v=d5c9a716:3765
 
defaultErrorHandler @ chunk-SD5PZODE.js?v=d5c9a716:3765
 
defaultErrorHandler @ chunk-SD5PZODE.js?v=d5c9a716:3765
 
defaultErrorHandler @ chunk-SD5PZODE.js?v=d5c9a716:3765
 
defaultErrorHandler @ chunk-SD5PZODE.js?v=d5c9a716:3765
 
defaultErrorHandler @ chunk-SD5PZODE.js?v=d5c9a716:3765
 
defaultErrorHandler @ chunk-SD5PZODE.js?v=d5c9a716:3765
 
defaultErrorHandler @ chunk-SD5PZODE.js?v=d5c9a716:3765
 
defaultErrorHandler @ chunk-SD5PZODE.js?v=d5c9a716:3765
 
defaultErrorHandler @ chunk-SD5PZODE.js?v=d5c9a716:3765
 
defaultErrorHandler @ chunk-SD5PZODE.js?v=d5c9a716:3765
 
defaultErrorHandler @ chunk-SD5PZODE.js?v=d5c9a716:3765
 
defaultErrorHandler @ chunk-SD5PZODE.js?v=d5c9a716:3765
 
defaultErrorHandler @ chunk-SD5PZODE.js?v=d5c9a716:3765
 
defaultErrorHandler @ chunk-SD5PZODE.js?v=d5c9a716:3765
 
defaultErrorHandler @ chunk-SD5PZODE.js?v=d5c9a716:3765
 
defaultErrorHandler @ chunk-SD5PZODE.js?v=d5c9a716:3765
 
defaultErrorHandler @ chunk-SD5PZODE.js?v=d5c9a716:3765
 
defaultErrorHandler @ chunk-SD5PZODE.js?v=d5c9a716:3765
 
defaultErrorHandler @ chunk-SD5PZODE.js?v=d5c9a716:3765
 
defaultErrorHandler @ chunk-SD5PZODE.js?v=d5c9a716:3765
 
defaultErrorHandler @ chunk-SD5PZODE.js?v=d5c9a716:3765
 
defaultErrorHandler @ chunk-SD5PZODE.js?v=d5c9a716:3765
 
defaultErrorHandler @ chunk-SD5PZODE.js?v=d5c9a716:3765
 
defaultErrorHandler @ chunk-SD5PZODE.js?v=d5c9a716:3765
 
defaultErrorHandler @ chunk-SD5PZODE.js?v=d5c9a716:3765
 
defaultErrorHandler @ chunk-SD5PZODE.js?v=d5c9a716:3765
 
defaultErrorHandler @ chunk-SD5PZODE.js?v=d5c9a716:3765
 
defaultErrorHandler @ chunk-SD5PZODE.js?v=d5c9a716:3765
 
defaultErrorHandler @ chunk-SD5PZODE.js?v=d5c9a716:3765
chunk-SD5PZODE.js?v=d5c9a716:3765 Error: [@formatjs/intl Error MISSING_TRANSLATION] Missing message: "content-manager.plugin.name" for locale "zh-HK", using default message (Content Manager) as fallback.

    at new MissingTranslationError2 (chunk-SD5PZODE.js?v=d5c9a716:3738:26)
    at formatMessage (chunk-SD5PZODE.js?v=d5c9a716:3955:15)
    at formatMessage2 (chunk-SD5PZODE.js?v=d5c9a716:4450:30)
    at Layout (layout-QVMAWWUQ.js?v=d5c9a716:739:19)
    at renderWithHooks (chunk-AWHRF5BE.js?v=d5c9a716:11548:26)
    at updateFunctionComponent (chunk-AWHRF5BE.js?v=d5c9a716:14582:28)
    at beginWork (chunk-AWHRF5BE.js?v=d5c9a716:15924:22)
    at beginWork$1 (chunk-AWHRF5BE.js?v=d5c9a716:19753:22)
    at performUnitOfWork (chunk-AWHRF5BE.js?v=d5c9a716:19198:20)
    at workLoopSync (chunk-AWHRF5BE.js?v=d5c9a716:19137:13)
defaultErrorHandler @ chunk-SD5PZODE.js?v=d5c9a716:3765
chunk-SD5PZODE.js?v=d5c9a716:3765 Error: [@formatjs/intl Error MISSING_TRANSLATION] Missing message: "Banner (首頁輪播)" for locale "zh-HK", using default message (Banner (首頁輪播)) as fallback.

    at new MissingTranslationError2 (chunk-SD5PZODE.js?v=d5c9a716:3738:26)
    at formatMessage (chunk-SD5PZODE.js?v=d5c9a716:3955:15)
    at formatMessage2 (chunk-SD5PZODE.js?v=d5c9a716:4450:30)
    at layout-QVMAWWUQ.js?v=d5c9a716:537:16
    at Array.map (<anonymous>)
    at layout-QVMAWWUQ.js?v=d5c9a716:534:132
    at Array.map (<anonymous>)
    at layout-QVMAWWUQ.js?v=d5c9a716:532:5
    at mountMemo (chunk-AWHRF5BE.js?v=d5c9a716:12194:27)
    at Object.useMemo (chunk-AWHRF5BE.js?v=d5c9a716:12518:24)
defaultErrorHandler @ chunk-SD5PZODE.js?v=d5c9a716:3765
chunk-SD5PZODE.js?v=d5c9a716:3765 Error: [@formatjs/intl Error MISSING_TRANSLATION] Missing message: "Enquiry (詢價)" for locale "zh-HK", using default message (Enquiry (詢價)) as fallback.

    at new MissingTranslationError2 (chunk-SD5PZODE.js?v=d5c9a716:3738:26)
    at formatMessage (chunk-SD5PZODE.js?v=d5c9a716:3955:15)
    at formatMessage2 (chunk-SD5PZODE.js?v=d5c9a716:4450:30)
    at layout-QVMAWWUQ.js?v=d5c9a716:537:16
    at Array.map (<anonymous>)
    at layout-QVMAWWUQ.js?v=d5c9a716:534:132
    at Array.map (<anonymous>)
    at layout-QVMAWWUQ.js?v=d5c9a716:532:5
    at mountMemo (chunk-AWHRF5BE.js?v=d5c9a716:12194:27)
    at Object.useMemo (chunk-AWHRF5BE.js?v=d5c9a716:12518:24)
defaultErrorHandler @ chunk-SD5PZODE.js?v=d5c9a716:3765
chunk-SD5PZODE.js?v=d5c9a716:3765 Error: [@formatjs/intl Error MISSING_TRANSLATION] Missing message: "News (新聞動態)" for locale "zh-HK", using default message (News (新聞動態)) as fallback.

    at new MissingTranslationError2 (chunk-SD5PZODE.js?v=d5c9a716:3738:26)
    at formatMessage (chunk-SD5PZODE.js?v=d5c9a716:3955:15)
    at formatMessage2 (chunk-SD5PZODE.js?v=d5c9a716:4450:30)
    at layout-QVMAWWUQ.js?v=d5c9a716:537:16
    at Array.map (<anonymous>)
    at layout-QVMAWWUQ.js?v=d5c9a716:534:132
    at Array.map (<anonymous>)
    at layout-QVMAWWUQ.js?v=d5c9a716:532:5
    at mountMemo (chunk-AWHRF5BE.js?v=d5c9a716:12194:27)
    at Object.useMemo (chunk-AWHRF5BE.js?v=d5c9a716:12518:24)
defaultErrorHandler @ chunk-SD5PZODE.js?v=d5c9a716:3765
chunk-SD5PZODE.js?v=d5c9a716:3765 Error: [@formatjs/intl Error MISSING_TRANSLATION] Missing message: "Product (產品)" for locale "zh-HK", using default message (Product (產品)) as fallback.

    at new MissingTranslationError2 (chunk-SD5PZODE.js?v=d5c9a716:3738:26)
    at formatMessage (chunk-SD5PZODE.js?v=d5c9a716:3955:15)
    at formatMessage2 (chunk-SD5PZODE.js?v=d5c9a716:4450:30)
    at layout-QVMAWWUQ.js?v=d5c9a716:537:16
    at Array.map (<anonymous>)
    at layout-QVMAWWUQ.js?v=d5c9a716:534:132
    at Array.map (<anonymous>)
    at layout-QVMAWWUQ.js?v=d5c9a716:532:5
    at mountMemo (chunk-AWHRF5BE.js?v=d5c9a716:12194:27)
    at Object.useMemo (chunk-AWHRF5BE.js?v=d5c9a716:12518:24)
defaultErrorHandler @ chunk-SD5PZODE.js?v=d5c9a716:3765
chunk-SD5PZODE.js?v=d5c9a716:3765 Error: [@formatjs/intl Error MISSING_TRANSLATION] Missing message: "Product Category (產品分類)" for locale "zh-HK", using default message (Product Category (產品分類)) as fallback.

    at new MissingTranslationError2 (chunk-SD5PZODE.js?v=d5c9a716:3738:26)
    at formatMessage (chunk-SD5PZODE.js?v=d5c9a716:3955:15)
    at formatMessage2 (chunk-SD5PZODE.js?v=d5c9a716:4450:30)
    at layout-QVMAWWUQ.js?v=d5c9a716:537:16
    at Array.map (<anonymous>)
    at layout-QVMAWWUQ.js?v=d5c9a716:534:132
    at Array.map (<anonymous>)
    at layout-QVMAWWUQ.js?v=d5c9a716:532:5
    at mountMemo (chunk-AWHRF5BE.js?v=d5c9a716:12194:27)
    at Object.useMemo (chunk-AWHRF5BE.js?v=d5c9a716:12518:24)
defaultErrorHandler @ chunk-SD5PZODE.js?v=d5c9a716:3765
chunk-SD5PZODE.js?v=d5c9a716:3765 Error: [@formatjs/intl Error MISSING_TRANSLATION] Missing message: "Service (服務項目)" for locale "zh-HK", using default message (Service (服務項目)) as fallback.

    at new MissingTranslationError2 (chunk-SD5PZODE.js?v=d5c9a716:3738:26)
    at formatMessage (chunk-SD5PZODE.js?v=d5c9a716:3955:15)
    at formatMessage2 (chunk-SD5PZODE.js?v=d5c9a716:4450:30)
    at layout-QVMAWWUQ.js?v=d5c9a716:537:16
    at Array.map (<anonymous>)
    at layout-QVMAWWUQ.js?v=d5c9a716:534:132
    at Array.map (<anonymous>)
    at layout-QVMAWWUQ.js?v=d5c9a716:532:5
    at mountMemo (chunk-AWHRF5BE.js?v=d5c9a716:12194:27)
    at Object.useMemo (chunk-AWHRF5BE.js?v=d5c9a716:12518:24)
defaultErrorHandler @ chunk-SD5PZODE.js?v=d5c9a716:3765
chunk-SD5PZODE.js?v=d5c9a716:3765 Error: [@formatjs/intl Error MISSING_TRANSLATION] Missing message: "User" for locale "zh-HK", using default message (User) as fallback.

    at new MissingTranslationError2 (chunk-SD5PZODE.js?v=d5c9a716:3738:26)
    at formatMessage (chunk-SD5PZODE.js?v=d5c9a716:3955:15)
    at formatMessage2 (chunk-SD5PZODE.js?v=d5c9a716:4450:30)
    at layout-QVMAWWUQ.js?v=d5c9a716:537:16
    at Array.map (<anonymous>)
    at layout-QVMAWWUQ.js?v=d5c9a716:534:132
    at Array.map (<anonymous>)
    at layout-QVMAWWUQ.js?v=d5c9a716:532:5
    at mountMemo (chunk-AWHRF5BE.js?v=d5c9a716:12194:27)
    at Object.useMemo (chunk-AWHRF5BE.js?v=d5c9a716:12518:24)
defaultErrorHandler @ chunk-SD5PZODE.js?v=d5c9a716:3765
chunk-SD5PZODE.js?v=d5c9a716:3765 Error: [@formatjs/intl Error MISSING_TRANSLATION] Missing message: "About Section (關於區塊)" for locale "zh-HK", using default message (About Section (關於區塊)) as fallback.

    at new MissingTranslationError2 (chunk-SD5PZODE.js?v=d5c9a716:3738:26)
    at formatMessage (chunk-SD5PZODE.js?v=d5c9a716:3955:15)
    at formatMessage2 (chunk-SD5PZODE.js?v=d5c9a716:4450:30)
    at layout-QVMAWWUQ.js?v=d5c9a716:537:16
    at Array.map (<anonymous>)
    at layout-QVMAWWUQ.js?v=d5c9a716:534:132
    at Array.map (<anonymous>)
    at layout-QVMAWWUQ.js?v=d5c9a716:532:5
    at mountMemo (chunk-AWHRF5BE.js?v=d5c9a716:12194:27)
    at Object.useMemo (chunk-AWHRF5BE.js?v=d5c9a716:12518:24)
defaultErrorHandler @ chunk-SD5PZODE.js?v=d5c9a716:3765
chunk-SD5PZODE.js?v=d5c9a716:3765 Error: [@formatjs/intl Error MISSING_TRANSLATION] Missing message: "About US (關於威宇)" for locale "zh-HK", using default message (About US (關於威宇)) as fallback.

    at new MissingTranslationError2 (chunk-SD5PZODE.js?v=d5c9a716:3738:26)
    at formatMessage (chunk-SD5PZODE.js?v=d5c9a716:3955:15)
    at formatMessage2 (chunk-SD5PZODE.js?v=d5c9a716:4450:30)
    at layout-QVMAWWUQ.js?v=d5c9a716:537:16
    at Array.map (<anonymous>)
    at layout-QVMAWWUQ.js?v=d5c9a716:534:132
    at Array.map (<anonymous>)
    at layout-QVMAWWUQ.js?v=d5c9a716:532:5
    at mountMemo (chunk-AWHRF5BE.js?v=d5c9a716:12194:27)
    at Object.useMemo (chunk-AWHRF5BE.js?v=d5c9a716:12518:24)
defaultErrorHandler @ chunk-SD5PZODE.js?v=d5c9a716:3765
chunk-SD5PZODE.js?v=d5c9a716:3765 Error: [@formatjs/intl Error MISSING_TRANSLATION] Missing message: "Contact Info (聯繫資訊)" for locale "zh-HK", using default message (Contact Info (聯繫資訊)) as fallback.

    at new MissingTranslationError2 (chunk-SD5PZODE.js?v=d5c9a716:3738:26)
    at formatMessage (chunk-SD5PZODE.js?v=d5c9a716:3955:15)
    at formatMessage2 (chunk-SD5PZODE.js?v=d5c9a716:4450:30)
    at layout-QVMAWWUQ.js?v=d5c9a716:537:16
    at Array.map (<anonymous>)
    at layout-QVMAWWUQ.js?v=d5c9a716:534:132
    at Array.map (<anonymous>)
    at layout-QVMAWWUQ.js?v=d5c9a716:532:5
    at mountMemo (chunk-AWHRF5BE.js?v=d5c9a716:12194:27)
    at Object.useMemo (chunk-AWHRF5BE.js?v=d5c9a716:12518:24)
defaultErrorHandler @ chunk-SD5PZODE.js?v=d5c9a716:3765
chunk-SD5PZODE.js?v=d5c9a716:3765 Error: [@formatjs/intl Error MISSING_TRANSLATION] Missing message: "Process Page (製程頁面)" for locale "zh-HK", using default message (Process Page (製程頁面)) as fallback.

    at new MissingTranslationError2 (chunk-SD5PZODE.js?v=d5c9a716:3738:26)
    at formatMessage (chunk-SD5PZODE.js?v=d5c9a716:3955:15)
    at formatMessage2 (chunk-SD5PZODE.js?v=d5c9a716:4450:30)
    at layout-QVMAWWUQ.js?v=d5c9a716:537:16
    at Array.map (<anonymous>)
    at layout-QVMAWWUQ.js?v=d5c9a716:534:132
    at Array.map (<anonymous>)
    at layout-QVMAWWUQ.js?v=d5c9a716:532:5
    at mountMemo (chunk-AWHRF5BE.js?v=d5c9a716:12194:27)
    at Object.useMemo (chunk-AWHRF5BE.js?v=d5c9a716:12518:24)
defaultErrorHandler @ chunk-SD5PZODE.js?v=d5c9a716:3765
chunk-SD5PZODE.js?v=d5c9a716:3765 Error: [@formatjs/intl Error MISSING_TRANSLATION] Missing message: "SERVICE 服務" for locale "zh-HK", using default message (SERVICE 服務) as fallback.

    at new MissingTranslationError2 (chunk-SD5PZODE.js?v=d5c9a716:3738:26)
    at formatMessage (chunk-SD5PZODE.js?v=d5c9a716:3955:15)
    at formatMessage2 (chunk-SD5PZODE.js?v=d5c9a716:4450:30)
    at layout-QVMAWWUQ.js?v=d5c9a716:537:16
    at Array.map (<anonymous>)
    at layout-QVMAWWUQ.js?v=d5c9a716:534:132
    at Array.map (<anonymous>)
    at layout-QVMAWWUQ.js?v=d5c9a716:532:5
    at mountMemo (chunk-AWHRF5BE.js?v=d5c9a716:12194:27)
    at Object.useMemo (chunk-AWHRF5BE.js?v=d5c9a716:12518:24)
defaultErrorHandler @ chunk-SD5PZODE.js?v=d5c9a716:3765
chunk-SD5PZODE.js?v=d5c9a716:3765 Error: [@formatjs/intl Error MISSING_TRANSLATION] Missing message: "search.placeholder" for locale "zh-HK", using default message (Search) as fallback.

    at new MissingTranslationError2 (chunk-SD5PZODE.js?v=d5c9a716:3738:26)
    at formatMessage (chunk-SD5PZODE.js?v=d5c9a716:3955:15)
    at formatMessage2 (chunk-SD5PZODE.js?v=d5c9a716:4450:30)
    at LeftMenu (layout-QVMAWWUQ.js?v=d5c9a716:635:28)
    at renderWithHooks (chunk-AWHRF5BE.js?v=d5c9a716:11548:26)
    at mountIndeterminateComponent (chunk-AWHRF5BE.js?v=d5c9a716:14926:21)
    at beginWork (chunk-AWHRF5BE.js?v=d5c9a716:15914:22)
    at beginWork$1 (chunk-AWHRF5BE.js?v=d5c9a716:19753:22)
    at performUnitOfWork (chunk-AWHRF5BE.js?v=d5c9a716:19198:20)
    at workLoopSync (chunk-AWHRF5BE.js?v=d5c9a716:19137:13)
defaultErrorHandler @ chunk-SD5PZODE.js?v=d5c9a716:3765
chunk-SD5PZODE.js?v=d5c9a716:3765 Error: [@formatjs/intl Error MISSING_TRANSLATION] Missing message: "content-manager.plugin.name" for locale "zh-HK", using default message (Content Manager) as fallback.

    at new MissingTranslationError2 (chunk-SD5PZODE.js?v=d5c9a716:3738:26)
    at formatMessage (chunk-SD5PZODE.js?v=d5c9a716:3955:15)
    at formatMessage2 (chunk-SD5PZODE.js?v=d5c9a716:4450:30)
    at Layout (layout-QVMAWWUQ.js?v=d5c9a716:739:19)
    at renderWithHooks (chunk-AWHRF5BE.js?v=d5c9a716:11548:26)
    at updateFunctionComponent (chunk-AWHRF5BE.js?v=d5c9a716:14582:28)
    at beginWork (chunk-AWHRF5BE.js?v=d5c9a716:15924:22)
    at beginWork$1 (chunk-AWHRF5BE.js?v=d5c9a716:19753:22)
    at performUnitOfWork (chunk-AWHRF5BE.js?v=d5c9a716:19198:20)
    at workLoopConcurrent (chunk-AWHRF5BE.js?v=d5c9a716:19189:13)
defaultErrorHandler @ chunk-SD5PZODE.js?v=d5c9a716:3765
chunk-SD5PZODE.js?v=d5c9a716:3765 Error: [@formatjs/intl Error MISSING_TRANSLATION] Missing message: "Banner (首頁輪播)" for locale "zh-HK", using default message (Banner (首頁輪播)) as fallback.

    at new MissingTranslationError2 (chunk-SD5PZODE.js?v=d5c9a716:3738:26)
    at formatMessage (chunk-SD5PZODE.js?v=d5c9a716:3955:15)
    at formatMessage2 (chunk-SD5PZODE.js?v=d5c9a716:4450:30)
    at layout-QVMAWWUQ.js?v=d5c9a716:537:16
    at Array.map (<anonymous>)
    at layout-QVMAWWUQ.js?v=d5c9a716:534:132
    at Array.map (<anonymous>)
    at layout-QVMAWWUQ.js?v=d5c9a716:532:5
    at mountMemo (chunk-AWHRF5BE.js?v=d5c9a716:12194:27)
    at Object.useMemo (chunk-AWHRF5BE.js?v=d5c9a716:12518:24)
defaultErrorHandler @ chunk-SD5PZODE.js?v=d5c9a716:3765
chunk-SD5PZODE.js?v=d5c9a716:3765 Error: [@formatjs/intl Error MISSING_TRANSLATION] Missing message: "Enquiry (詢價)" for locale "zh-HK", using default message (Enquiry (詢價)) as fallback.

    at new MissingTranslationError2 (chunk-SD5PZODE.js?v=d5c9a716:3738:26)
    at formatMessage (chunk-SD5PZODE.js?v=d5c9a716:3955:15)
    at formatMessage2 (chunk-SD5PZODE.js?v=d5c9a716:4450:30)
    at layout-QVMAWWUQ.js?v=d5c9a716:537:16
    at Array.map (<anonymous>)
    at layout-QVMAWWUQ.js?v=d5c9a716:534:132
    at Array.map (<anonymous>)
    at layout-QVMAWWUQ.js?v=d5c9a716:532:5
    at mountMemo (chunk-AWHRF5BE.js?v=d5c9a716:12194:27)
    at Object.useMemo (chunk-AWHRF5BE.js?v=d5c9a716:12518:24)
defaultErrorHandler @ chunk-SD5PZODE.js?v=d5c9a716:3765
chunk-SD5PZODE.js?v=d5c9a716:3765 Error: [@formatjs/intl Error MISSING_TRANSLATION] Missing message: "News (新聞動態)" for locale "zh-HK", using default message (News (新聞動態)) as fallback.

    at new MissingTranslationError2 (chunk-SD5PZODE.js?v=d5c9a716:3738:26)
    at formatMessage (chunk-SD5PZODE.js?v=d5c9a716:3955:15)
    at formatMessage2 (chunk-SD5PZODE.js?v=d5c9a716:4450:30)
    at layout-QVMAWWUQ.js?v=d5c9a716:537:16
    at Array.map (<anonymous>)
    at layout-QVMAWWUQ.js?v=d5c9a716:534:132
    at Array.map (<anonymous>)
    at layout-QVMAWWUQ.js?v=d5c9a716:532:5
    at mountMemo (chunk-AWHRF5BE.js?v=d5c9a716:12194:27)
    at Object.useMemo (chunk-AWHRF5BE.js?v=d5c9a716:12518:24)
defaultErrorHandler @ chunk-SD5PZODE.js?v=d5c9a716:3765
chunk-SD5PZODE.js?v=d5c9a716:3765 Error: [@formatjs/intl Error MISSING_TRANSLATION] Missing message: "Product (產品)" for locale "zh-HK", using default message (Product (產品)) as fallback.

    at new MissingTranslationError2 (chunk-SD5PZODE.js?v=d5c9a716:3738:26)
    at formatMessage (chunk-SD5PZODE.js?v=d5c9a716:3955:15)
    at formatMessage2 (chunk-SD5PZODE.js?v=d5c9a716:4450:30)
    at layout-QVMAWWUQ.js?v=d5c9a716:537:16
    at Array.map (<anonymous>)
    at layout-QVMAWWUQ.js?v=d5c9a716:534:132
    at Array.map (<anonymous>)
    at layout-QVMAWWUQ.js?v=d5c9a716:532:5
    at mountMemo (chunk-AWHRF5BE.js?v=d5c9a716:12194:27)
    at Object.useMemo (chunk-AWHRF5BE.js?v=d5c9a716:12518:24)
defaultErrorHandler @ chunk-SD5PZODE.js?v=d5c9a716:3765
chunk-SD5PZODE.js?v=d5c9a716:3765 Error: [@formatjs/intl Error MISSING_TRANSLATION] Missing message: "Product Category (產品分類)" for locale "zh-HK", using default message (Product Category (產品分類)) as fallback.

    at new MissingTranslationError2 (chunk-SD5PZODE.js?v=d5c9a716:3738:26)
    at formatMessage (chunk-SD5PZODE.js?v=d5c9a716:3955:15)
    at formatMessage2 (chunk-SD5PZODE.js?v=d5c9a716:4450:30)
    at layout-QVMAWWUQ.js?v=d5c9a716:537:16
    at Array.map (<anonymous>)
    at layout-QVMAWWUQ.js?v=d5c9a716:534:132
    at Array.map (<anonymous>)
    at layout-QVMAWWUQ.js?v=d5c9a716:532:5
    at mountMemo (chunk-AWHRF5BE.js?v=d5c9a716:12194:27)
    at Object.useMemo (chunk-AWHRF5BE.js?v=d5c9a716:12518:24)
defaultErrorHandler @ chunk-SD5PZODE.js?v=d5c9a716:3765
chunk-SD5PZODE.js?v=d5c9a716:3765 Error: [@formatjs/intl Error MISSING_TRANSLATION] Missing message: "Service (服務項目)" for locale "zh-HK", using default message (Service (服務項目)) as fallback.

    at new MissingTranslationError2 (chunk-SD5PZODE.js?v=d5c9a716:3738:26)
    at formatMessage (chunk-SD5PZODE.js?v=d5c9a716:3955:15)
    at formatMessage2 (chunk-SD5PZODE.js?v=d5c9a716:4450:30)
    at layout-QVMAWWUQ.js?v=d5c9a716:537:16
    at Array.map (<anonymous>)
    at layout-QVMAWWUQ.js?v=d5c9a716:534:132
    at Array.map (<anonymous>)
    at layout-QVMAWWUQ.js?v=d5c9a716:532:5
    at mountMemo (chunk-AWHRF5BE.js?v=d5c9a716:12194:27)
    at Object.useMemo (chunk-AWHRF5BE.js?v=d5c9a716:12518:24)
defaultErrorHandler @ chunk-SD5PZODE.js?v=d5c9a716:3765
chunk-SD5PZODE.js?v=d5c9a716:3765 Error: [@formatjs/intl Error MISSING_TRANSLATION] Missing message: "User" for locale "zh-HK", using default message (User) as fallback.

    at new MissingTranslationError2 (chunk-SD5PZODE.js?v=d5c9a716:3738:26)
    at formatMessage (chunk-SD5PZODE.js?v=d5c9a716:3955:15)
    at formatMessage2 (chunk-SD5PZODE.js?v=d5c9a716:4450:30)
    at layout-QVMAWWUQ.js?v=d5c9a716:537:16
    at Array.map (<anonymous>)
    at layout-QVMAWWUQ.js?v=d5c9a716:534:132
    at Array.map (<anonymous>)
    at layout-QVMAWWUQ.js?v=d5c9a716:532:5
    at mountMemo (chunk-AWHRF5BE.js?v=d5c9a716:12194:27)
    at Object.useMemo (chunk-AWHRF5BE.js?v=d5c9a716:12518:24)
defaultErrorHandler @ chunk-SD5PZODE.js?v=d5c9a716:3765
chunk-SD5PZODE.js?v=d5c9a716:3765 Error: [@formatjs/intl Error MISSING_TRANSLATION] Missing message: "About Section (關於區塊)" for locale "zh-HK", using default message (About Section (關於區塊)) as fallback.

    at new MissingTranslationError2 (chunk-SD5PZODE.js?v=d5c9a716:3738:26)
    at formatMessage (chunk-SD5PZODE.js?v=d5c9a716:3955:15)
    at formatMessage2 (chunk-SD5PZODE.js?v=d5c9a716:4450:30)
    at layout-QVMAWWUQ.js?v=d5c9a716:537:16
    at Array.map (<anonymous>)
    at layout-QVMAWWUQ.js?v=d5c9a716:534:132
    at Array.map (<anonymous>)
    at layout-QVMAWWUQ.js?v=d5c9a716:532:5
    at mountMemo (chunk-AWHRF5BE.js?v=d5c9a716:12194:27)
    at Object.useMemo (chunk-AWHRF5BE.js?v=d5c9a716:12518:24)
defaultErrorHandler @ chunk-SD5PZODE.js?v=d5c9a716:3765
chunk-SD5PZODE.js?v=d5c9a716:3765 Error: [@formatjs/intl Error MISSING_TRANSLATION] Missing message: "About US (關於威宇)" for locale "zh-HK", using default message (About US (關於威宇)) as fallback.

    at new MissingTranslationError2 (chunk-SD5PZODE.js?v=d5c9a716:3738:26)
    at formatMessage (chunk-SD5PZODE.js?v=d5c9a716:3955:15)
    at formatMessage2 (chunk-SD5PZODE.js?v=d5c9a716:4450:30)
    at layout-QVMAWWUQ.js?v=d5c9a716:537:16
    at Array.map (<anonymous>)
    at layout-QVMAWWUQ.js?v=d5c9a716:534:132
    at Array.map (<anonymous>)
    at layout-QVMAWWUQ.js?v=d5c9a716:532:5
    at mountMemo (chunk-AWHRF5BE.js?v=d5c9a716:12194:27)
    at Object.useMemo (chunk-AWHRF5BE.js?v=d5c9a716:12518:24)
defaultErrorHandler @ chunk-SD5PZODE.js?v=d5c9a716:3765
chunk-SD5PZODE.js?v=d5c9a716:3765 Error: [@formatjs/intl Error MISSING_TRANSLATION] Missing message: "Contact Info (聯繫資訊)" for locale "zh-HK", using default message (Contact Info (聯繫資訊)) as fallback.

    at new MissingTranslationError2 (chunk-SD5PZODE.js?v=d5c9a716:3738:26)
    at formatMessage (chunk-SD5PZODE.js?v=d5c9a716:3955:15)
    at formatMessage2 (chunk-SD5PZODE.js?v=d5c9a716:4450:30)
    at layout-QVMAWWUQ.js?v=d5c9a716:537:16
    at Array.map (<anonymous>)
    at layout-QVMAWWUQ.js?v=d5c9a716:534:132
    at Array.map (<anonymous>)
    at layout-QVMAWWUQ.js?v=d5c9a716:532:5
    at mountMemo (chunk-AWHRF5BE.js?v=d5c9a716:12194:27)
    at Object.useMemo (chunk-AWHRF5BE.js?v=d5c9a716:12518:24)
defaultErrorHandler @ chunk-SD5PZODE.js?v=d5c9a716:3765
chunk-SD5PZODE.js?v=d5c9a716:3765 Error: [@formatjs/intl Error MISSING_TRANSLATION] Missing message: "Process Page (製程頁面)" for locale "zh-HK", using default message (Process Page (製程頁面)) as fallback.

    at new MissingTranslationError2 (chunk-SD5PZODE.js?v=d5c9a716:3738:26)
    at formatMessage (chunk-SD5PZODE.js?v=d5c9a716:3955:15)
    at formatMessage2 (chunk-SD5PZODE.js?v=d5c9a716:4450:30)
    at layout-QVMAWWUQ.js?v=d5c9a716:537:16
    at Array.map (<anonymous>)
    at layout-QVMAWWUQ.js?v=d5c9a716:534:132
    at Array.map (<anonymous>)
    at layout-QVMAWWUQ.js?v=d5c9a716:532:5
    at mountMemo (chunk-AWHRF5BE.js?v=d5c9a716:12194:27)
    at Object.useMemo (chunk-AWHRF5BE.js?v=d5c9a716:12518:24)
defaultErrorHandler @ chunk-SD5PZODE.js?v=d5c9a716:3765
chunk-SD5PZODE.js?v=d5c9a716:3765 Error: [@formatjs/intl Error MISSING_TRANSLATION] Missing message: "SERVICE 服務" for locale "zh-HK", using default message (SERVICE 服務) as fallback.

    at new MissingTranslationError2 (chunk-SD5PZODE.js?v=d5c9a716:3738:26)
    at formatMessage (chunk-SD5PZODE.js?v=d5c9a716:3955:15)
    at formatMessage2 (chunk-SD5PZODE.js?v=d5c9a716:4450:30)
    at layout-QVMAWWUQ.js?v=d5c9a716:537:16
    at Array.map (<anonymous>)
    at layout-QVMAWWUQ.js?v=d5c9a716:534:132
    at Array.map (<anonymous>)
    at layout-QVMAWWUQ.js?v=d5c9a716:532:5
    at mountMemo (chunk-AWHRF5BE.js?v=d5c9a716:12194:27)
    at Object.useMemo (chunk-AWHRF5BE.js?v=d5c9a716:12518:24)
defaultErrorHandler @ chunk-SD5PZODE.js?v=d5c9a716:3765
chunk-SD5PZODE.js?v=d5c9a716:3765 Error: [@formatjs/intl Error MISSING_TRANSLATION] Missing message: "search.placeholder" for locale "zh-HK", using default message (Search) as fallback.

    at new MissingTranslationError2 (chunk-SD5PZODE.js?v=d5c9a716:3738:26)
    at formatMessage (chunk-SD5PZODE.js?v=d5c9a716:3955:15)
    at formatMessage2 (chunk-SD5PZODE.js?v=d5c9a716:4450:30)
    at LeftMenu (layout-QVMAWWUQ.js?v=d5c9a716:635:28)
    at renderWithHooks (chunk-AWHRF5BE.js?v=d5c9a716:11548:26)
    at mountIndeterminateComponent (chunk-AWHRF5BE.js?v=d5c9a716:14926:21)
    at beginWork (chunk-AWHRF5BE.js?v=d5c9a716:15914:22)
    at beginWork$1 (chunk-AWHRF5BE.js?v=d5c9a716:19753:22)
    at performUnitOfWork (chunk-AWHRF5BE.js?v=d5c9a716:19198:20)
    at workLoopConcurrent (chunk-AWHRF5BE.js?v=d5c9a716:19189:13)
defaultErrorHandler @ chunk-SD5PZODE.js?v=d5c9a716:3765
chunk-SD5PZODE.js?v=d5c9a716:3765 Error: [@formatjs/intl Error MISSING_TRANSLATION] Missing message: "content-manager.plugin.name" for locale "zh-HK", using default message (Content Manager) as fallback.

    at new MissingTranslationError2 (chunk-SD5PZODE.js?v=d5c9a716:3738:26)
    at formatMessage (chunk-SD5PZODE.js?v=d5c9a716:3955:15)
    at formatMessage2 (chunk-SD5PZODE.js?v=d5c9a716:4450:30)
    at AuthenticatedLayout-UKX65HSV.js?v=d5c9a716:11187:66
    at Array.sort (<anonymous>)
    at LeftMenu (AuthenticatedLayout-UKX65HSV.js?v=d5c9a716:11187:5)
    at renderWithHooks (chunk-AWHRF5BE.js?v=d5c9a716:11548:26)
    at updateFunctionComponent (chunk-AWHRF5BE.js?v=d5c9a716:14582:28)
    at beginWork (chunk-AWHRF5BE.js?v=d5c9a716:15924:22)
    at beginWork$1 (chunk-AWHRF5BE.js?v=d5c9a716:19753:22)
defaultErrorHandler @ chunk-SD5PZODE.js?v=d5c9a716:3765
chunk-SD5PZODE.js?v=d5c9a716:3765 Error: [@formatjs/intl Error MISSING_TRANSLATION] Missing message: "content-manager.plugin.name" for locale "zh-HK", using default message (Content Manager) as fallback.

    at new MissingTranslationError2 (chunk-SD5PZODE.js?v=d5c9a716:3738:26)
    at formatMessage (chunk-SD5PZODE.js?v=d5c9a716:3955:15)
    at formatMessage2 (chunk-SD5PZODE.js?v=d5c9a716:4450:30)
    at AuthenticatedLayout-UKX65HSV.js?v=d5c9a716:11187:66
    at Array.sort (<anonymous>)
    at LeftMenu (AuthenticatedLayout-UKX65HSV.js?v=d5c9a716:11187:5)
    at renderWithHooks (chunk-AWHRF5BE.js?v=d5c9a716:11548:26)
    at updateFunctionComponent (chunk-AWHRF5BE.js?v=d5c9a716:14582:28)
    at beginWork (chunk-AWHRF5BE.js?v=d5c9a716:15924:22)
    at beginWork$1 (chunk-AWHRF5BE.js?v=d5c9a716:19753:22)
defaultErrorHandler @ chunk-SD5PZODE.js?v=d5c9a716:3765
chunk-SD5PZODE.js?v=d5c9a716:3765 Error: [@formatjs/intl Error MISSING_TRANSLATION] Missing message: "content-manager.plugin.name" for locale "zh-HK", using default message (Content Manager) as fallback.

    at new MissingTranslationError2 (chunk-SD5PZODE.js?v=d5c9a716:3738:26)
    at formatMessage (chunk-SD5PZODE.js?v=d5c9a716:3955:15)
    at formatMessage2 (chunk-SD5PZODE.js?v=d5c9a716:4450:30)
    at AuthenticatedLayout-UKX65HSV.js?v=d5c9a716:11187:66
    at Array.sort (<anonymous>)
    at LeftMenu (AuthenticatedLayout-UKX65HSV.js?v=d5c9a716:11187:5)
    at renderWithHooks (chunk-AWHRF5BE.js?v=d5c9a716:11548:26)
    at updateFunctionComponent (chunk-AWHRF5BE.js?v=d5c9a716:14582:28)
    at beginWork (chunk-AWHRF5BE.js?v=d5c9a716:15924:22)
    at beginWork$1 (chunk-AWHRF5BE.js?v=d5c9a716:19753:22)
defaultErrorHandler @ chunk-SD5PZODE.js?v=d5c9a716:3765
chunk-SD5PZODE.js?v=d5c9a716:3765 Error: [@formatjs/intl Error MISSING_TRANSLATION] Missing message: "content-manager.plugin.name" for locale "zh-HK", using default message (Content Manager) as fallback.

    at new MissingTranslationError2 (chunk-SD5PZODE.js?v=d5c9a716:3738:26)
    at formatMessage (chunk-SD5PZODE.js?v=d5c9a716:3955:15)
    at formatMessage2 (chunk-SD5PZODE.js?v=d5c9a716:4450:30)
    at AuthenticatedLayout-UKX65HSV.js?v=d5c9a716:11187:66
    at Array.sort (<anonymous>)
    at LeftMenu (AuthenticatedLayout-UKX65HSV.js?v=d5c9a716:11187:5)
    at renderWithHooks (chunk-AWHRF5BE.js?v=d5c9a716:11548:26)
    at updateFunctionComponent (chunk-AWHRF5BE.js?v=d5c9a716:14582:28)
    at beginWork (chunk-AWHRF5BE.js?v=d5c9a716:15924:22)
    at beginWork$1 (chunk-AWHRF5BE.js?v=d5c9a716:19753:22)
defaultErrorHandler @ chunk-SD5PZODE.js?v=d5c9a716:3765
chunk-SD5PZODE.js?v=d5c9a716:3765 Error: [@formatjs/intl Error MISSING_TRANSLATION] Missing message: "content-manager.plugin.name" for locale "zh-HK", using default message (Content Manager) as fallback.

    at new MissingTranslationError2 (chunk-SD5PZODE.js?v=d5c9a716:3738:26)
    at formatMessage (chunk-SD5PZODE.js?v=d5c9a716:3955:15)
    at formatMessage2 (chunk-SD5PZODE.js?v=d5c9a716:4450:30)
    at Layout (layout-QVMAWWUQ.js?v=d5c9a716:739:19)
    at renderWithHooks (chunk-AWHRF5BE.js?v=d5c9a716:11548:26)
    at updateFunctionComponent (chunk-AWHRF5BE.js?v=d5c9a716:14582:28)
    at beginWork (chunk-AWHRF5BE.js?v=d5c9a716:15924:22)
    at beginWork$1 (chunk-AWHRF5BE.js?v=d5c9a716:19753:22)
    at performUnitOfWork (chunk-AWHRF5BE.js?v=d5c9a716:19198:20)
    at workLoopSync (chunk-AWHRF5BE.js?v=d5c9a716:19137:13)
defaultErrorHandler @ chunk-SD5PZODE.js?v=d5c9a716:3765
chunk-SD5PZODE.js?v=d5c9a716:3765 Error: [@formatjs/intl Error MISSING_TRANSLATION] Missing message: "Banner (首頁輪播)" for locale "zh-HK", using default message (Banner (首頁輪播)) as fallback.

    at new MissingTranslationError2 (chunk-SD5PZODE.js?v=d5c9a716:3738:26)
    at formatMessage (chunk-SD5PZODE.js?v=d5c9a716:3955:15)
    at formatMessage2 (chunk-SD5PZODE.js?v=d5c9a716:4450:30)
    at layout-QVMAWWUQ.js?v=d5c9a716:537:16
    at Array.map (<anonymous>)
    at layout-QVMAWWUQ.js?v=d5c9a716:534:132
    at Array.map (<anonymous>)
    at layout-QVMAWWUQ.js?v=d5c9a716:532:5
    at updateMemo (chunk-AWHRF5BE.js?v=d5c9a716:12210:27)
    at Object.useMemo (chunk-AWHRF5BE.js?v=d5c9a716:12726:24)
defaultErrorHandler @ chunk-SD5PZODE.js?v=d5c9a716:3765
chunk-SD5PZODE.js?v=d5c9a716:3765 Error: [@formatjs/intl Error MISSING_TRANSLATION] Missing message: "Enquiry (詢價)" for locale "zh-HK", using default message (Enquiry (詢價)) as fallback.

    at new MissingTranslationError2 (chunk-SD5PZODE.js?v=d5c9a716:3738:26)
    at formatMessage (chunk-SD5PZODE.js?v=d5c9a716:3955:15)
    at formatMessage2 (chunk-SD5PZODE.js?v=d5c9a716:4450:30)
    at layout-QVMAWWUQ.js?v=d5c9a716:537:16
    at Array.map (<anonymous>)
    at layout-QVMAWWUQ.js?v=d5c9a716:534:132
    at Array.map (<anonymous>)
    at layout-QVMAWWUQ.js?v=d5c9a716:532:5
    at updateMemo (chunk-AWHRF5BE.js?v=d5c9a716:12210:27)
    at Object.useMemo (chunk-AWHRF5BE.js?v=d5c9a716:12726:24)
defaultErrorHandler @ chunk-SD5PZODE.js?v=d5c9a716:3765
chunk-SD5PZODE.js?v=d5c9a716:3765 Error: [@formatjs/intl Error MISSING_TRANSLATION] Missing message: "News (新聞動態)" for locale "zh-HK", using default message (News (新聞動態)) as fallback.

    at new MissingTranslationError2 (chunk-SD5PZODE.js?v=d5c9a716:3738:26)
    at formatMessage (chunk-SD5PZODE.js?v=d5c9a716:3955:15)
    at formatMessage2 (chunk-SD5PZODE.js?v=d5c9a716:4450:30)
    at layout-QVMAWWUQ.js?v=d5c9a716:537:16
    at Array.map (<anonymous>)
    at layout-QVMAWWUQ.js?v=d5c9a716:534:132
    at Array.map (<anonymous>)
    at layout-QVMAWWUQ.js?v=d5c9a716:532:5
    at updateMemo (chunk-AWHRF5BE.js?v=d5c9a716:12210:27)
    at Object.useMemo (chunk-AWHRF5BE.js?v=d5c9a716:12726:24)
defaultErrorHandler @ chunk-SD5PZODE.js?v=d5c9a716:3765
chunk-SD5PZODE.js?v=d5c9a716:3765 Error: [@formatjs/intl Error MISSING_TRANSLATION] Missing message: "Product (產品)" for locale "zh-HK", using default message (Product (產品)) as fallback.

    at new MissingTranslationError2 (chunk-SD5PZODE.js?v=d5c9a716:3738:26)
    at formatMessage (chunk-SD5PZODE.js?v=d5c9a716:3955:15)
    at formatMessage2 (chunk-SD5PZODE.js?v=d5c9a716:4450:30)
    at layout-QVMAWWUQ.js?v=d5c9a716:537:16
    at Array.map (<anonymous>)
    at layout-QVMAWWUQ.js?v=d5c9a716:534:132
    at Array.map (<anonymous>)
    at layout-QVMAWWUQ.js?v=d5c9a716:532:5
    at updateMemo (chunk-AWHRF5BE.js?v=d5c9a716:12210:27)
    at Object.useMemo (chunk-AWHRF5BE.js?v=d5c9a716:12726:24)
defaultErrorHandler @ chunk-SD5PZODE.js?v=d5c9a716:3765
chunk-SD5PZODE.js?v=d5c9a716:3765 Error: [@formatjs/intl Error MISSING_TRANSLATION] Missing message: "Product Category (產品分類)" for locale "zh-HK", using default message (Product Category (產品分類)) as fallback.

    at new MissingTranslationError2 (chunk-SD5PZODE.js?v=d5c9a716:3738:26)
    at formatMessage (chunk-SD5PZODE.js?v=d5c9a716:3955:15)
    at formatMessage2 (chunk-SD5PZODE.js?v=d5c9a716:4450:30)
    at layout-QVMAWWUQ.js?v=d5c9a716:537:16
    at Array.map (<anonymous>)
    at layout-QVMAWWUQ.js?v=d5c9a716:534:132
    at Array.map (<anonymous>)
    at layout-QVMAWWUQ.js?v=d5c9a716:532:5
    at updateMemo (chunk-AWHRF5BE.js?v=d5c9a716:12210:27)
    at Object.useMemo (chunk-AWHRF5BE.js?v=d5c9a716:12726:24)
defaultErrorHandler @ chunk-SD5PZODE.js?v=d5c9a716:3765
chunk-SD5PZODE.js?v=d5c9a716:3765 Error: [@formatjs/intl Error MISSING_TRANSLATION] Missing message: "Service (服務項目)" for locale "zh-HK", using default message (Service (服務項目)) as fallback.

    at new MissingTranslationError2 (chunk-SD5PZODE.js?v=d5c9a716:3738:26)
    at formatMessage (chunk-SD5PZODE.js?v=d5c9a716:3955:15)
    at formatMessage2 (chunk-SD5PZODE.js?v=d5c9a716:4450:30)
    at layout-QVMAWWUQ.js?v=d5c9a716:537:16
    at Array.map (<anonymous>)
    at layout-QVMAWWUQ.js?v=d5c9a716:534:132
    at Array.map (<anonymous>)
    at layout-QVMAWWUQ.js?v=d5c9a716:532:5
    at updateMemo (chunk-AWHRF5BE.js?v=d5c9a716:12210:27)
    at Object.useMemo (chunk-AWHRF5BE.js?v=d5c9a716:12726:24)
defaultErrorHandler @ chunk-SD5PZODE.js?v=d5c9a716:3765
chunk-SD5PZODE.js?v=d5c9a716:3765 Error: [@formatjs/intl Error MISSING_TRANSLATION] Missing message: "User" for locale "zh-HK", using default message (User) as fallback.

    at new MissingTranslationError2 (chunk-SD5PZODE.js?v=d5c9a716:3738:26)
    at formatMessage (chunk-SD5PZODE.js?v=d5c9a716:3955:15)
    at formatMessage2 (chunk-SD5PZODE.js?v=d5c9a716:4450:30)
    at layout-QVMAWWUQ.js?v=d5c9a716:537:16
    at Array.map (<anonymous>)
    at layout-QVMAWWUQ.js?v=d5c9a716:534:132
    at Array.map (<anonymous>)
    at layout-QVMAWWUQ.js?v=d5c9a716:532:5
    at updateMemo (chunk-AWHRF5BE.js?v=d5c9a716:12210:27)
    at Object.useMemo (chunk-AWHRF5BE.js?v=d5c9a716:12726:24)
defaultErrorHandler @ chunk-SD5PZODE.js?v=d5c9a716:3765
chunk-SD5PZODE.js?v=d5c9a716:3765 Error: [@formatjs/intl Error MISSING_TRANSLATION] Missing message: "About Section (關於區塊)" for locale "zh-HK", using default message (About Section (關於區塊)) as fallback.

    at new MissingTranslationError2 (chunk-SD5PZODE.js?v=d5c9a716:3738:26)
    at formatMessage (chunk-SD5PZODE.js?v=d5c9a716:3955:15)
    at formatMessage2 (chunk-SD5PZODE.js?v=d5c9a716:4450:30)
    at layout-QVMAWWUQ.js?v=d5c9a716:537:16
    at Array.map (<anonymous>)
    at layout-QVMAWWUQ.js?v=d5c9a716:534:132
    at Array.map (<anonymous>)
    at layout-QVMAWWUQ.js?v=d5c9a716:532:5
    at updateMemo (chunk-AWHRF5BE.js?v=d5c9a716:12210:27)
    at Object.useMemo (chunk-AWHRF5BE.js?v=d5c9a716:12726:24)
defaultErrorHandler @ chunk-SD5PZODE.js?v=d5c9a716:3765
chunk-SD5PZODE.js?v=d5c9a716:3765 Error: [@formatjs/intl Error MISSING_TRANSLATION] Missing message: "About US (關於威宇)" for locale "zh-HK", using default message (About US (關於威宇)) as fallback.

    at new MissingTranslationError2 (chunk-SD5PZODE.js?v=d5c9a716:3738:26)
    at formatMessage (chunk-SD5PZODE.js?v=d5c9a716:3955:15)
    at formatMessage2 (chunk-SD5PZODE.js?v=d5c9a716:4450:30)
    at layout-QVMAWWUQ.js?v=d5c9a716:537:16
    at Array.map (<anonymous>)
    at layout-QVMAWWUQ.js?v=d5c9a716:534:132
    at Array.map (<anonymous>)
    at layout-QVMAWWUQ.js?v=d5c9a716:532:5
    at updateMemo (chunk-AWHRF5BE.js?v=d5c9a716:12210:27)
    at Object.useMemo (chunk-AWHRF5BE.js?v=d5c9a716:12726:24)
defaultErrorHandler @ chunk-SD5PZODE.js?v=d5c9a716:3765
chunk-SD5PZODE.js?v=d5c9a716:3765 Error: [@formatjs/intl Error MISSING_TRANSLATION] Missing message: "Contact Info (聯繫資訊)" for locale "zh-HK", using default message (Contact Info (聯繫資訊)) as fallback.

    at new MissingTranslationError2 (chunk-SD5PZODE.js?v=d5c9a716:3738:26)
    at formatMessage (chunk-SD5PZODE.js?v=d5c9a716:3955:15)
    at formatMessage2 (chunk-SD5PZODE.js?v=d5c9a716:4450:30)
    at layout-QVMAWWUQ.js?v=d5c9a716:537:16
    at Array.map (<anonymous>)
    at layout-QVMAWWUQ.js?v=d5c9a716:534:132
    at Array.map (<anonymous>)
    at layout-QVMAWWUQ.js?v=d5c9a716:532:5
    at updateMemo (chunk-AWHRF5BE.js?v=d5c9a716:12210:27)
    at Object.useMemo (chunk-AWHRF5BE.js?v=d5c9a716:12726:24)
defaultErrorHandler @ chunk-SD5PZODE.js?v=d5c9a716:3765
chunk-SD5PZODE.js?v=d5c9a716:3765 Error: [@formatjs/intl Error MISSING_TRANSLATION] Missing message: "Process Page (製程頁面)" for locale "zh-HK", using default message (Process Page (製程頁面)) as fallback.

    at new MissingTranslationError2 (chunk-SD5PZODE.js?v=d5c9a716:3738:26)
    at formatMessage (chunk-SD5PZODE.js?v=d5c9a716:3955:15)
    at formatMessage2 (chunk-SD5PZODE.js?v=d5c9a716:4450:30)
    at layout-QVMAWWUQ.js?v=d5c9a716:537:16
    at Array.map (<anonymous>)
    at layout-QVMAWWUQ.js?v=d5c9a716:534:132
    at Array.map (<anonymous>)
    at layout-QVMAWWUQ.js?v=d5c9a716:532:5
    at updateMemo (chunk-AWHRF5BE.js?v=d5c9a716:12210:27)
    at Object.useMemo (chunk-AWHRF5BE.js?v=d5c9a716:12726:24)
defaultErrorHandler @ chunk-SD5PZODE.js?v=d5c9a716:3765
chunk-SD5PZODE.js?v=d5c9a716:3765 Error: [@formatjs/intl Error MISSING_TRANSLATION] Missing message: "SERVICE 服務" for locale "zh-HK", using default message (SERVICE 服務) as fallback.

    at new MissingTranslationError2 (chunk-SD5PZODE.js?v=d5c9a716:3738:26)
    at formatMessage (chunk-SD5PZODE.js?v=d5c9a716:3955:15)
    at formatMessage2 (chunk-SD5PZODE.js?v=d5c9a716:4450:30)
    at layout-QVMAWWUQ.js?v=d5c9a716:537:16
    at Array.map (<anonymous>)
    at layout-QVMAWWUQ.js?v=d5c9a716:534:132
    at Array.map (<anonymous>)
    at layout-QVMAWWUQ.js?v=d5c9a716:532:5
    at updateMemo (chunk-AWHRF5BE.js?v=d5c9a716:12210:27)
    at Object.useMemo (chunk-AWHRF5BE.js?v=d5c9a716:12726:24)
defaultErrorHandler @ chunk-SD5PZODE.js?v=d5c9a716:3765
chunk-SD5PZODE.js?v=d5c9a716:3765 Error: [@formatjs/intl Error MISSING_TRANSLATION] Missing message: "search.placeholder" for locale "zh-HK", using default message (Search) as fallback.

    at new MissingTranslationError2 (chunk-SD5PZODE.js?v=d5c9a716:3738:26)
    at formatMessage (chunk-SD5PZODE.js?v=d5c9a716:3955:15)
    at formatMessage2 (chunk-SD5PZODE.js?v=d5c9a716:4450:30)
    at LeftMenu (layout-QVMAWWUQ.js?v=d5c9a716:635:28)
    at renderWithHooks (chunk-AWHRF5BE.js?v=d5c9a716:11548:26)
    at updateFunctionComponent (chunk-AWHRF5BE.js?v=d5c9a716:14582:28)
    at beginWork (chunk-AWHRF5BE.js?v=d5c9a716:15924:22)
    at beginWork$1 (chunk-AWHRF5BE.js?v=d5c9a716:19753:22)
    at performUnitOfWork (chunk-AWHRF5BE.js?v=d5c9a716:19198:20)
    at workLoopSync (chunk-AWHRF5BE.js?v=d5c9a716:19137:13)
defaultErrorHandler @ chunk-SD5PZODE.js?v=d5c9a716:3765
chunk-SD5PZODE.js?v=d5c9a716:3765 Error: [@formatjs/intl Error MISSING_TRANSLATION] Missing message: "content-manager.plugin.name" for locale "zh-HK", using default message (Content Manager) as fallback.

    at new MissingTranslationError2 (chunk-SD5PZODE.js?v=d5c9a716:3738:26)
    at formatMessage (chunk-SD5PZODE.js?v=d5c9a716:3955:15)
    at formatMessage2 (chunk-SD5PZODE.js?v=d5c9a716:4450:30)
    at Layout (layout-QVMAWWUQ.js?v=d5c9a716:739:19)
    at renderWithHooks (chunk-AWHRF5BE.js?v=d5c9a716:11548:26)
    at updateFunctionComponent (chunk-AWHRF5BE.js?v=d5c9a716:14582:28)
    at beginWork (chunk-AWHRF5BE.js?v=d5c9a716:15924:22)
    at beginWork$1 (chunk-AWHRF5BE.js?v=d5c9a716:19753:22)
    at performUnitOfWork (chunk-AWHRF5BE.js?v=d5c9a716:19198:20)
    at workLoopSync (chunk-AWHRF5BE.js?v=d5c9a716:19137:13)
defaultErrorHandler @ chunk-SD5PZODE.js?v=d5c9a716:3765
chunk-SD5PZODE.js?v=d5c9a716:3765 Error: [@formatjs/intl Error MISSING_TRANSLATION] Missing message: "Banner (首頁輪播)" for locale "zh-HK", using default message (Banner (首頁輪播)) as fallback.

    at new MissingTranslationError2 (chunk-SD5PZODE.js?v=d5c9a716:3738:26)
    at formatMessage (chunk-SD5PZODE.js?v=d5c9a716:3955:15)
    at formatMessage2 (chunk-SD5PZODE.js?v=d5c9a716:4450:30)
    at layout-QVMAWWUQ.js?v=d5c9a716:537:16
    at Array.map (<anonymous>)
    at layout-QVMAWWUQ.js?v=d5c9a716:534:132
    at Array.map (<anonymous>)
    at layout-QVMAWWUQ.js?v=d5c9a716:532:5
    at updateMemo (chunk-AWHRF5BE.js?v=d5c9a716:12210:27)
    at Object.useMemo (chunk-AWHRF5BE.js?v=d5c9a716:12726:24)
defaultErrorHandler @ chunk-SD5PZODE.js?v=d5c9a716:3765
chunk-SD5PZODE.js?v=d5c9a716:3765 Error: [@formatjs/intl Error MISSING_TRANSLATION] Missing message: "Enquiry (詢價)" for locale "zh-HK", using default message (Enquiry (詢價)) as fallback.

    at new MissingTranslationError2 (chunk-SD5PZODE.js?v=d5c9a716:3738:26)
    at formatMessage (chunk-SD5PZODE.js?v=d5c9a716:3955:15)
    at formatMessage2 (chunk-SD5PZODE.js?v=d5c9a716:4450:30)
    at layout-QVMAWWUQ.js?v=d5c9a716:537:16
    at Array.map (<anonymous>)
    at layout-QVMAWWUQ.js?v=d5c9a716:534:132
    at Array.map (<anonymous>)
    at layout-QVMAWWUQ.js?v=d5c9a716:532:5
    at updateMemo (chunk-AWHRF5BE.js?v=d5c9a716:12210:27)
    at Object.useMemo (chunk-AWHRF5BE.js?v=d5c9a716:12726:24)
defaultErrorHandler @ chunk-SD5PZODE.js?v=d5c9a716:3765
chunk-SD5PZODE.js?v=d5c9a716:3765 Error: [@formatjs/intl Error MISSING_TRANSLATION] Missing message: "News (新聞動態)" for locale "zh-HK", using default message (News (新聞動態)) as fallback.

    at new MissingTranslationError2 (chunk-SD5PZODE.js?v=d5c9a716:3738:26)
    at formatMessage (chunk-SD5PZODE.js?v=d5c9a716:3955:15)
    at formatMessage2 (chunk-SD5PZODE.js?v=d5c9a716:4450:30)
    at layout-QVMAWWUQ.js?v=d5c9a716:537:16
    at Array.map (<anonymous>)
    at layout-QVMAWWUQ.js?v=d5c9a716:534:132
    at Array.map (<anonymous>)
    at layout-QVMAWWUQ.js?v=d5c9a716:532:5
    at updateMemo (chunk-AWHRF5BE.js?v=d5c9a716:12210:27)
    at Object.useMemo (chunk-AWHRF5BE.js?v=d5c9a716:12726:24)
defaultErrorHandler @ chunk-SD5PZODE.js?v=d5c9a716:3765
chunk-SD5PZODE.js?v=d5c9a716:3765 Error: [@formatjs/intl Error MISSING_TRANSLATION] Missing message: "Product (產品)" for locale "zh-HK", using default message (Product (產品)) as fallback.

    at new MissingTranslationError2 (chunk-SD5PZODE.js?v=d5c9a716:3738:26)
    at formatMessage (chunk-SD5PZODE.js?v=d5c9a716:3955:15)
    at formatMessage2 (chunk-SD5PZODE.js?v=d5c9a716:4450:30)
    at layout-QVMAWWUQ.js?v=d5c9a716:537:16
    at Array.map (<anonymous>)
    at layout-QVMAWWUQ.js?v=d5c9a716:534:132
    at Array.map (<anonymous>)
    at layout-QVMAWWUQ.js?v=d5c9a716:532:5
    at updateMemo (chunk-AWHRF5BE.js?v=d5c9a716:12210:27)
    at Object.useMemo (chunk-AWHRF5BE.js?v=d5c9a716:12726:24)
defaultErrorHandler @ chunk-SD5PZODE.js?v=d5c9a716:3765
chunk-SD5PZODE.js?v=d5c9a716:3765 Error: [@formatjs/intl Error MISSING_TRANSLATION] Missing message: "Product Category (產品分類)" for locale "zh-HK", using default message (Product Category (產品分類)) as fallback.

    at new MissingTranslationError2 (chunk-SD5PZODE.js?v=d5c9a716:3738:26)
    at formatMessage (chunk-SD5PZODE.js?v=d5c9a716:3955:15)
    at formatMessage2 (chunk-SD5PZODE.js?v=d5c9a716:4450:30)
    at layout-QVMAWWUQ.js?v=d5c9a716:537:16
    at Array.map (<anonymous>)
    at layout-QVMAWWUQ.js?v=d5c9a716:534:132
    at Array.map (<anonymous>)
    at layout-QVMAWWUQ.js?v=d5c9a716:532:5
    at updateMemo (chunk-AWHRF5BE.js?v=d5c9a716:12210:27)
    at Object.useMemo (chunk-AWHRF5BE.js?v=d5c9a716:12726:24)
defaultErrorHandler @ chunk-SD5PZODE.js?v=d5c9a716:3765
chunk-SD5PZODE.js?v=d5c9a716:3765 Error: [@formatjs/intl Error MISSING_TRANSLATION] Missing message: "Service (服務項目)" for locale "zh-HK", using default message (Service (服務項目)) as fallback.

    at new MissingTranslationError2 (chunk-SD5PZODE.js?v=d5c9a716:3738:26)
    at formatMessage (chunk-SD5PZODE.js?v=d5c9a716:3955:15)
    at formatMessage2 (chunk-SD5PZODE.js?v=d5c9a716:4450:30)
    at layout-QVMAWWUQ.js?v=d5c9a716:537:16
    at Array.map (<anonymous>)
    at layout-QVMAWWUQ.js?v=d5c9a716:534:132
    at Array.map (<anonymous>)
    at layout-QVMAWWUQ.js?v=d5c9a716:532:5
    at updateMemo (chunk-AWHRF5BE.js?v=d5c9a716:12210:27)
    at Object.useMemo (chunk-AWHRF5BE.js?v=d5c9a716:12726:24)
defaultErrorHandler @ chunk-SD5PZODE.js?v=d5c9a716:3765
chunk-SD5PZODE.js?v=d5c9a716:3765 Error: [@formatjs/intl Error MISSING_TRANSLATION] Missing message: "User" for locale "zh-HK", using default message (User) as fallback.

    at new MissingTranslationError2 (chunk-SD5PZODE.js?v=d5c9a716:3738:26)
    at formatMessage (chunk-SD5PZODE.js?v=d5c9a716:3955:15)
    at formatMessage2 (chunk-SD5PZODE.js?v=d5c9a716:4450:30)
    at layout-QVMAWWUQ.js?v=d5c9a716:537:16
    at Array.map (<anonymous>)
    at layout-QVMAWWUQ.js?v=d5c9a716:534:132
    at Array.map (<anonymous>)
    at layout-QVMAWWUQ.js?v=d5c9a716:532:5
    at updateMemo (chunk-AWHRF5BE.js?v=d5c9a716:12210:27)
    at Object.useMemo (chunk-AWHRF5BE.js?v=d5c9a716:12726:24)
defaultErrorHandler @ chunk-SD5PZODE.js?v=d5c9a716:3765
chunk-SD5PZODE.js?v=d5c9a716:3765 Error: [@formatjs/intl Error MISSING_TRANSLATION] Missing message: "About Section (關於區塊)" for locale "zh-HK", using default message (About Section (關於區塊)) as fallback.

    at new MissingTranslationError2 (chunk-SD5PZODE.js?v=d5c9a716:3738:26)
    at formatMessage (chunk-SD5PZODE.js?v=d5c9a716:3955:15)
    at formatMessage2 (chunk-SD5PZODE.js?v=d5c9a716:4450:30)
    at layout-QVMAWWUQ.js?v=d5c9a716:537:16
    at Array.map (<anonymous>)
    at layout-QVMAWWUQ.js?v=d5c9a716:534:132
    at Array.map (<anonymous>)
    at layout-QVMAWWUQ.js?v=d5c9a716:532:5
    at updateMemo (chunk-AWHRF5BE.js?v=d5c9a716:12210:27)
    at Object.useMemo (chunk-AWHRF5BE.js?v=d5c9a716:12726:24)
defaultErrorHandler @ chunk-SD5PZODE.js?v=d5c9a716:3765
chunk-SD5PZODE.js?v=d5c9a716:3765 Error: [@formatjs/intl Error MISSING_TRANSLATION] Missing message: "About US (關於威宇)" for locale "zh-HK", using default message (About US (關於威宇)) as fallback.

    at new MissingTranslationError2 (chunk-SD5PZODE.js?v=d5c9a716:3738:26)
    at formatMessage (chunk-SD5PZODE.js?v=d5c9a716:3955:15)
    at formatMessage2 (chunk-SD5PZODE.js?v=d5c9a716:4450:30)
    at layout-QVMAWWUQ.js?v=d5c9a716:537:16
    at Array.map (<anonymous>)
    at layout-QVMAWWUQ.js?v=d5c9a716:534:132
    at Array.map (<anonymous>)
    at layout-QVMAWWUQ.js?v=d5c9a716:532:5
    at updateMemo (chunk-AWHRF5BE.js?v=d5c9a716:12210:27)
    at Object.useMemo (chunk-AWHRF5BE.js?v=d5c9a716:12726:24)
defaultErrorHandler @ chunk-SD5PZODE.js?v=d5c9a716:3765
chunk-SD5PZODE.js?v=d5c9a716:3765 Error: [@formatjs/intl Error MISSING_TRANSLATION] Missing message: "Contact Info (聯繫資訊)" for locale "zh-HK", using default message (Contact Info (聯繫資訊)) as fallback.

    at new MissingTranslationError2 (chunk-SD5PZODE.js?v=d5c9a716:3738:26)
    at formatMessage (chunk-SD5PZODE.js?v=d5c9a716:3955:15)
    at formatMessage2 (chunk-SD5PZODE.js?v=d5c9a716:4450:30)
    at layout-QVMAWWUQ.js?v=d5c9a716:537:16
    at Array.map (<anonymous>)
    at layout-QVMAWWUQ.js?v=d5c9a716:534:132
    at Array.map (<anonymous>)
    at layout-QVMAWWUQ.js?v=d5c9a716:532:5
    at updateMemo (chunk-AWHRF5BE.js?v=d5c9a716:12210:27)
    at Object.useMemo (chunk-AWHRF5BE.js?v=d5c9a716:12726:24)
defaultErrorHandler @ chunk-SD5PZODE.js?v=d5c9a716:3765
chunk-SD5PZODE.js?v=d5c9a716:3765 Error: [@formatjs/intl Error MISSING_TRANSLATION] Missing message: "Process Page (製程頁面)" for locale "zh-HK", using default message (Process Page (製程頁面)) as fallback.

    at new MissingTranslationError2 (chunk-SD5PZODE.js?v=d5c9a716:3738:26)
    at formatMessage (chunk-SD5PZODE.js?v=d5c9a716:3955:15)
    at formatMessage2 (chunk-SD5PZODE.js?v=d5c9a716:4450:30)
    at layout-QVMAWWUQ.js?v=d5c9a716:537:16
    at Array.map (<anonymous>)
    at layout-QVMAWWUQ.js?v=d5c9a716:534:132
    at Array.map (<anonymous>)
    at layout-QVMAWWUQ.js?v=d5c9a716:532:5
    at updateMemo (chunk-AWHRF5BE.js?v=d5c9a716:12210:27)
    at Object.useMemo (chunk-AWHRF5BE.js?v=d5c9a716:12726:24)
defaultErrorHandler @ chunk-SD5PZODE.js?v=d5c9a716:3765
chunk-SD5PZODE.js?v=d5c9a716:3765 Error: [@formatjs/intl Error MISSING_TRANSLATION] Missing message: "SERVICE 服務" for locale "zh-HK", using default message (SERVICE 服務) as fallback.

    at new MissingTranslationError2 (chunk-SD5PZODE.js?v=d5c9a716:3738:26)
    at formatMessage (chunk-SD5PZODE.js?v=d5c9a716:3955:15)
    at formatMessage2 (chunk-SD5PZODE.js?v=d5c9a716:4450:30)
    at layout-QVMAWWUQ.js?v=d5c9a716:537:16
    at Array.map (<anonymous>)
    at layout-QVMAWWUQ.js?v=d5c9a716:534:132
    at Array.map (<anonymous>)
    at layout-QVMAWWUQ.js?v=d5c9a716:532:5
    at updateMemo (chunk-AWHRF5BE.js?v=d5c9a716:12210:27)
    at Object.useMemo (chunk-AWHRF5BE.js?v=d5c9a716:12726:24)
defaultErrorHandler @ chunk-SD5PZODE.js?v=d5c9a716:3765
chunk-SD5PZODE.js?v=d5c9a716:3765 Error: [@formatjs/intl Error MISSING_TRANSLATION] Missing message: "search.placeholder" for locale "zh-HK", using default message (Search) as fallback.

    at new MissingTranslationError2 (chunk-SD5PZODE.js?v=d5c9a716:3738:26)
    at formatMessage (chunk-SD5PZODE.js?v=d5c9a716:3955:15)
    at formatMessage2 (chunk-SD5PZODE.js?v=d5c9a716:4450:30)
    at LeftMenu (layout-QVMAWWUQ.js?v=d5c9a716:635:28)
    at renderWithHooks (chunk-AWHRF5BE.js?v=d5c9a716:11548:26)
    at updateFunctionComponent (chunk-AWHRF5BE.js?v=d5c9a716:14582:28)
    at beginWork (chunk-AWHRF5BE.js?v=d5c9a716:15924:22)
    at beginWork$1 (chunk-AWHRF5BE.js?v=d5c9a716:19753:22)
    at performUnitOfWork (chunk-AWHRF5BE.js?v=d5c9a716:19198:20)
    at workLoopSync (chunk-AWHRF5BE.js?v=d5c9a716:19137:13)
defaultErrorHandler @ chunk-SD5PZODE.js?v=d5c9a716:3765
chunk-FY54KM3M.js?v=d5c9a716:30 useRBAC: The first argument should be an array of permissions, not an object. This will be deprecated in the future.
(匿名) @ chunk-FY54KM3M.js?v=d5c9a716:30
chunk-SD5PZODE.js?v=d5c9a716:3765 Error: [@formatjs/intl Error MISSING_TRANSLATION] Missing message: "content-manager.plugin.name" for locale "zh-HK", using default message (Content Manager) as fallback.

    at new MissingTranslationError2 (chunk-SD5PZODE.js?v=d5c9a716:3738:26)
    at formatMessage (chunk-SD5PZODE.js?v=d5c9a716:3955:15)
    at formatMessage2 (chunk-SD5PZODE.js?v=d5c9a716:4450:30)
    at Layout (layout-QVMAWWUQ.js?v=d5c9a716:739:19)
    at renderWithHooks (chunk-AWHRF5BE.js?v=d5c9a716:11548:26)
    at updateFunctionComponent (chunk-AWHRF5BE.js?v=d5c9a716:14582:28)
    at beginWork (chunk-AWHRF5BE.js?v=d5c9a716:15924:22)
    at beginWork$1 (chunk-AWHRF5BE.js?v=d5c9a716:19753:22)
    at performUnitOfWork (chunk-AWHRF5BE.js?v=d5c9a716:19198:20)
    at workLoopSync (chunk-AWHRF5BE.js?v=d5c9a716:19137:13)
defaultErrorHandler @ chunk-SD5PZODE.js?v=d5c9a716:3765
chunk-SD5PZODE.js?v=d5c9a716:3765 Error: [@formatjs/intl Error MISSING_TRANSLATION] Missing message: "Banner (首頁輪播)" for locale "zh-HK", using default message (Banner (首頁輪播)) as fallback.

    at new MissingTranslationError2 (chunk-SD5PZODE.js?v=d5c9a716:3738:26)
    at formatMessage (chunk-SD5PZODE.js?v=d5c9a716:3955:15)
    at formatMessage2 (chunk-SD5PZODE.js?v=d5c9a716:4450:30)
    at layout-QVMAWWUQ.js?v=d5c9a716:537:16
    at Array.map (<anonymous>)
    at layout-QVMAWWUQ.js?v=d5c9a716:534:132
    at Array.map (<anonymous>)
    at layout-QVMAWWUQ.js?v=d5c9a716:532:5
    at updateMemo (chunk-AWHRF5BE.js?v=d5c9a716:12210:27)
    at Object.useMemo (chunk-AWHRF5BE.js?v=d5c9a716:12726:24)
defaultErrorHandler @ chunk-SD5PZODE.js?v=d5c9a716:3765
chunk-SD5PZODE.js?v=d5c9a716:3765 Error: [@formatjs/intl Error MISSING_TRANSLATION] Missing message: "Enquiry (詢價)" for locale "zh-HK", using default message (Enquiry (詢價)) as fallback.

    at new MissingTranslationError2 (chunk-SD5PZODE.js?v=d5c9a716:3738:26)
    at formatMessage (chunk-SD5PZODE.js?v=d5c9a716:3955:15)
    at formatMessage2 (chunk-SD5PZODE.js?v=d5c9a716:4450:30)
    at layout-QVMAWWUQ.js?v=d5c9a716:537:16
    at Array.map (<anonymous>)
    at layout-QVMAWWUQ.js?v=d5c9a716:534:132
    at Array.map (<anonymous>)
    at layout-QVMAWWUQ.js?v=d5c9a716:532:5
    at updateMemo (chunk-AWHRF5BE.js?v=d5c9a716:12210:27)
    at Object.useMemo (chunk-AWHRF5BE.js?v=d5c9a716:12726:24)
defaultErrorHandler @ chunk-SD5PZODE.js?v=d5c9a716:3765
chunk-SD5PZODE.js?v=d5c9a716:3765 Error: [@formatjs/intl Error MISSING_TRANSLATION] Missing message: "News (新聞動態)" for locale "zh-HK", using default message (News (新聞動態)) as fallback.

    at new MissingTranslationError2 (chunk-SD5PZODE.js?v=d5c9a716:3738:26)
    at formatMessage (chunk-SD5PZODE.js?v=d5c9a716:3955:15)
    at formatMessage2 (chunk-SD5PZODE.js?v=d5c9a716:4450:30)
    at layout-QVMAWWUQ.js?v=d5c9a716:537:16
    at Array.map (<anonymous>)
    at layout-QVMAWWUQ.js?v=d5c9a716:534:132
    at Array.map (<anonymous>)
    at layout-QVMAWWUQ.js?v=d5c9a716:532:5
    at updateMemo (chunk-AWHRF5BE.js?v=d5c9a716:12210:27)
    at Object.useMemo (chunk-AWHRF5BE.js?v=d5c9a716:12726:24)
defaultErrorHandler @ chunk-SD5PZODE.js?v=d5c9a716:3765
chunk-SD5PZODE.js?v=d5c9a716:3765 Error: [@formatjs/intl Error MISSING_TRANSLATION] Missing message: "Product (產品)" for locale "zh-HK", using default message (Product (產品)) as fallback.

    at new MissingTranslationError2 (chunk-SD5PZODE.js?v=d5c9a716:3738:26)
    at formatMessage (chunk-SD5PZODE.js?v=d5c9a716:3955:15)
    at formatMessage2 (chunk-SD5PZODE.js?v=d5c9a716:4450:30)
    at layout-QVMAWWUQ.js?v=d5c9a716:537:16
    at Array.map (<anonymous>)
    at layout-QVMAWWUQ.js?v=d5c9a716:534:132
    at Array.map (<anonymous>)
    at layout-QVMAWWUQ.js?v=d5c9a716:532:5
    at updateMemo (chunk-AWHRF5BE.js?v=d5c9a716:12210:27)
    at Object.useMemo (chunk-AWHRF5BE.js?v=d5c9a716:12726:24)
defaultErrorHandler @ chunk-SD5PZODE.js?v=d5c9a716:3765
chunk-SD5PZODE.js?v=d5c9a716:3765 Error: [@formatjs/intl Error MISSING_TRANSLATION] Missing message: "Product Category (產品分類)" for locale "zh-HK", using default message (Product Category (產品分類)) as fallback.

    at new MissingTranslationError2 (chunk-SD5PZODE.js?v=d5c9a716:3738:26)
    at formatMessage (chunk-SD5PZODE.js?v=d5c9a716:3955:15)
    at formatMessage2 (chunk-SD5PZODE.js?v=d5c9a716:4450:30)
    at layout-QVMAWWUQ.js?v=d5c9a716:537:16
    at Array.map (<anonymous>)
    at layout-QVMAWWUQ.js?v=d5c9a716:534:132
    at Array.map (<anonymous>)
    at layout-QVMAWWUQ.js?v=d5c9a716:532:5
    at updateMemo (chunk-AWHRF5BE.js?v=d5c9a716:12210:27)
    at Object.useMemo (chunk-AWHRF5BE.js?v=d5c9a716:12726:24)
defaultErrorHandler @ chunk-SD5PZODE.js?v=d5c9a716:3765
chunk-SD5PZODE.js?v=d5c9a716:3765 Error: [@formatjs/intl Error MISSING_TRANSLATION] Missing message: "Service (服務項目)" for locale "zh-HK", using default message (Service (服務項目)) as fallback.

    at new MissingTranslationError2 (chunk-SD5PZODE.js?v=d5c9a716:3738:26)
    at formatMessage (chunk-SD5PZODE.js?v=d5c9a716:3955:15)
    at formatMessage2 (chunk-SD5PZODE.js?v=d5c9a716:4450:30)
    at layout-QVMAWWUQ.js?v=d5c9a716:537:16
    at Array.map (<anonymous>)
    at layout-QVMAWWUQ.js?v=d5c9a716:534:132
    at Array.map (<anonymous>)
    at layout-QVMAWWUQ.js?v=d5c9a716:532:5
    at updateMemo (chunk-AWHRF5BE.js?v=d5c9a716:12210:27)
    at Object.useMemo (chunk-AWHRF5BE.js?v=d5c9a716:12726:24)
defaultErrorHandler @ chunk-SD5PZODE.js?v=d5c9a716:3765
chunk-SD5PZODE.js?v=d5c9a716:3765 Error: [@formatjs/intl Error MISSING_TRANSLATION] Missing message: "User" for locale "zh-HK", using default message (User) as fallback.

    at new MissingTranslationError2 (chunk-SD5PZODE.js?v=d5c9a716:3738:26)
    at formatMessage (chunk-SD5PZODE.js?v=d5c9a716:3955:15)
    at formatMessage2 (chunk-SD5PZODE.js?v=d5c9a716:4450:30)
    at layout-QVMAWWUQ.js?v=d5c9a716:537:16
    at Array.map (<anonymous>)
    at layout-QVMAWWUQ.js?v=d5c9a716:534:132
    at Array.map (<anonymous>)
    at layout-QVMAWWUQ.js?v=d5c9a716:532:5
    at updateMemo (chunk-AWHRF5BE.js?v=d5c9a716:12210:27)
    at Object.useMemo (chunk-AWHRF5BE.js?v=d5c9a716:12726:24)
defaultErrorHandler @ chunk-SD5PZODE.js?v=d5c9a716:3765
chunk-SD5PZODE.js?v=d5c9a716:3765 Error: [@formatjs/intl Error MISSING_TRANSLATION] Missing message: "About Section (關於區塊)" for locale "zh-HK", using default message (About Section (關於區塊)) as fallback.

    at new MissingTranslationError2 (chunk-SD5PZODE.js?v=d5c9a716:3738:26)
    at formatMessage (chunk-SD5PZODE.js?v=d5c9a716:3955:15)
    at formatMessage2 (chunk-SD5PZODE.js?v=d5c9a716:4450:30)
    at layout-QVMAWWUQ.js?v=d5c9a716:537:16
    at Array.map (<anonymous>)
    at layout-QVMAWWUQ.js?v=d5c9a716:534:132
    at Array.map (<anonymous>)
    at layout-QVMAWWUQ.js?v=d5c9a716:532:5
    at updateMemo (chunk-AWHRF5BE.js?v=d5c9a716:12210:27)
    at Object.useMemo (chunk-AWHRF5BE.js?v=d5c9a716:12726:24)
defaultErrorHandler @ chunk-SD5PZODE.js?v=d5c9a716:3765
chunk-SD5PZODE.js?v=d5c9a716:3765 Error: [@formatjs/intl Error MISSING_TRANSLATION] Missing message: "About US (關於威宇)" for locale "zh-HK", using default message (About US (關於威宇)) as fallback.

    at new MissingTranslationError2 (chunk-SD5PZODE.js?v=d5c9a716:3738:26)
    at formatMessage (chunk-SD5PZODE.js?v=d5c9a716:3955:15)
    at formatMessage2 (chunk-SD5PZODE.js?v=d5c9a716:4450:30)
    at layout-QVMAWWUQ.js?v=d5c9a716:537:16
    at Array.map (<anonymous>)
    at layout-QVMAWWUQ.js?v=d5c9a716:534:132
    at Array.map (<anonymous>)
    at layout-QVMAWWUQ.js?v=d5c9a716:532:5
    at updateMemo (chunk-AWHRF5BE.js?v=d5c9a716:12210:27)
    at Object.useMemo (chunk-AWHRF5BE.js?v=d5c9a716:12726:24)
defaultErrorHandler @ chunk-SD5PZODE.js?v=d5c9a716:3765
chunk-SD5PZODE.js?v=d5c9a716:3765 Error: [@formatjs/intl Error MISSING_TRANSLATION] Missing message: "Contact Info (聯繫資訊)" for locale "zh-HK", using default message (Contact Info (聯繫資訊)) as fallback.

    at new MissingTranslationError2 (chunk-SD5PZODE.js?v=d5c9a716:3738:26)
    at formatMessage (chunk-SD5PZODE.js?v=d5c9a716:3955:15)
    at formatMessage2 (chunk-SD5PZODE.js?v=d5c9a716:4450:30)
    at layout-QVMAWWUQ.js?v=d5c9a716:537:16
    at Array.map (<anonymous>)
    at layout-QVMAWWUQ.js?v=d5c9a716:534:132
    at Array.map (<anonymous>)
    at layout-QVMAWWUQ.js?v=d5c9a716:532:5
    at updateMemo (chunk-AWHRF5BE.js?v=d5c9a716:12210:27)
    at Object.useMemo (chunk-AWHRF5BE.js?v=d5c9a716:12726:24)
defaultErrorHandler @ chunk-SD5PZODE.js?v=d5c9a716:3765
chunk-SD5PZODE.js?v=d5c9a716:3765 Error: [@formatjs/intl Error MISSING_TRANSLATION] Missing message: "Process Page (製程頁面)" for locale "zh-HK", using default message (Process Page (製程頁面)) as fallback.

    at new MissingTranslationError2 (chunk-SD5PZODE.js?v=d5c9a716:3738:26)
    at formatMessage (chunk-SD5PZODE.js?v=d5c9a716:3955:15)
    at formatMessage2 (chunk-SD5PZODE.js?v=d5c9a716:4450:30)
    at layout-QVMAWWUQ.js?v=d5c9a716:537:16
    at Array.map (<anonymous>)
    at layout-QVMAWWUQ.js?v=d5c9a716:534:132
    at Array.map (<anonymous>)
    at layout-QVMAWWUQ.js?v=d5c9a716:532:5
    at updateMemo (chunk-AWHRF5BE.js?v=d5c9a716:12210:27)
    at Object.useMemo (chunk-AWHRF5BE.js?v=d5c9a716:12726:24)
defaultErrorHandler @ chunk-SD5PZODE.js?v=d5c9a716:3765
chunk-SD5PZODE.js?v=d5c9a716:3765 Error: [@formatjs/intl Error MISSING_TRANSLATION] Missing message: "SERVICE 服務" for locale "zh-HK", using default message (SERVICE 服務) as fallback.

    at new MissingTranslationError2 (chunk-SD5PZODE.js?v=d5c9a716:3738:26)
    at formatMessage (chunk-SD5PZODE.js?v=d5c9a716:3955:15)
    at formatMessage2 (chunk-SD5PZODE.js?v=d5c9a716:4450:30)
    at layout-QVMAWWUQ.js?v=d5c9a716:537:16
    at Array.map (<anonymous>)
    at layout-QVMAWWUQ.js?v=d5c9a716:534:132
    at Array.map (<anonymous>)
    at layout-QVMAWWUQ.js?v=d5c9a716:532:5
    at updateMemo (chunk-AWHRF5BE.js?v=d5c9a716:12210:27)
    at Object.useMemo (chunk-AWHRF5BE.js?v=d5c9a716:12726:24)
defaultErrorHandler @ chunk-SD5PZODE.js?v=d5c9a716:3765
chunk-SD5PZODE.js?v=d5c9a716:3765 Error: [@formatjs/intl Error MISSING_TRANSLATION] Missing message: "search.placeholder" for locale "zh-HK", using default message (Search) as fallback.

    at new MissingTranslationError2 (chunk-SD5PZODE.js?v=d5c9a716:3738:26)
    at formatMessage (chunk-SD5PZODE.js?v=d5c9a716:3955:15)
    at formatMessage2 (chunk-SD5PZODE.js?v=d5c9a716:4450:30)
    at LeftMenu (layout-QVMAWWUQ.js?v=d5c9a716:635:28)
    at renderWithHooks (chunk-AWHRF5BE.js?v=d5c9a716:11548:26)
    at updateFunctionComponent (chunk-AWHRF5BE.js?v=d5c9a716:14582:28)
    at beginWork (chunk-AWHRF5BE.js?v=d5c9a716:15924:22)
    at beginWork$1 (chunk-AWHRF5BE.js?v=d5c9a716:19753:22)
    at performUnitOfWork (chunk-AWHRF5BE.js?v=d5c9a716:19198:20)
    at workLoopSync (chunk-AWHRF5BE.js?v=d5c9a716:19137:13)
defaultErrorHandler @ chunk-SD5PZODE.js?v=d5c9a716:3765
:1337/content-manager/single-types/api::process-page.process-page?locale=zh-Hant-TW:1  Failed to load resource: the server responded with a status of 404 (Not Found)
chunk-SD5PZODE.js?v=d5c9a716:3765 Error: [@formatjs/intl Error MISSING_TRANSLATION] Missing message: "content-manager.content-types.api::process-page.process-page.title" for locale "zh-HK", using default message (title) as fallback.

    at new MissingTranslationError2 (chunk-SD5PZODE.js?v=d5c9a716:3738:26)
    at formatMessage (chunk-SD5PZODE.js?v=d5c9a716:3955:15)
    at formatMessage2 (chunk-SD5PZODE.js?v=d5c9a716:4450:30)
    at getLabel (chunk-VEBGUGPK.js?v=d5c9a716:84289:12)
    at chunk-VEBGUGPK.js?v=d5c9a716:84342:28
    at Array.map (<anonymous>)
    at chunk-VEBGUGPK.js?v=d5c9a716:84333:29
    at Array.map (<anonymous>)
    at chunk-VEBGUGPK.js?v=d5c9a716:84330:27
    at Array.map (<anonymous>)
defaultErrorHandler @ chunk-SD5PZODE.js?v=d5c9a716:3765
chunk-SD5PZODE.js?v=d5c9a716:3765 Error: [@formatjs/intl Error MISSING_TRANSLATION] Missing message: "content-manager.content-types.api::process-page.process-page.subtitle" for locale "zh-HK", using default message (subtitle) as fallback.

    at new MissingTranslationError2 (chunk-SD5PZODE.js?v=d5c9a716:3738:26)
    at formatMessage (chunk-SD5PZODE.js?v=d5c9a716:3955:15)
    at formatMessage2 (chunk-SD5PZODE.js?v=d5c9a716:4450:30)
    at getLabel (chunk-VEBGUGPK.js?v=d5c9a716:84289:12)
    at chunk-VEBGUGPK.js?v=d5c9a716:84342:28
    at Array.map (<anonymous>)
    at chunk-VEBGUGPK.js?v=d5c9a716:84333:29
    at Array.map (<anonymous>)
    at chunk-VEBGUGPK.js?v=d5c9a716:84330:27
    at Array.map (<anonymous>)
defaultErrorHandler @ chunk-SD5PZODE.js?v=d5c9a716:3765
chunk-SD5PZODE.js?v=d5c9a716:3765 Error: [@formatjs/intl Error MISSING_TRANSLATION] Missing message: "content-manager.content-types.api::process-page.process-page.introduction" for locale "zh-HK", using default message (introduction) as fallback.

    at new MissingTranslationError2 (chunk-SD5PZODE.js?v=d5c9a716:3738:26)
    at formatMessage (chunk-SD5PZODE.js?v=d5c9a716:3955:15)
    at formatMessage2 (chunk-SD5PZODE.js?v=d5c9a716:4450:30)
    at getLabel (chunk-VEBGUGPK.js?v=d5c9a716:84289:12)
    at chunk-VEBGUGPK.js?v=d5c9a716:84342:28
    at Array.map (<anonymous>)
    at chunk-VEBGUGPK.js?v=d5c9a716:84333:29
    at Array.map (<anonymous>)
    at chunk-VEBGUGPK.js?v=d5c9a716:84330:27
    at Array.map (<anonymous>)
defaultErrorHandler @ chunk-SD5PZODE.js?v=d5c9a716:3765
chunk-SD5PZODE.js?v=d5c9a716:3765 Error: [@formatjs/intl Error MISSING_TRANSLATION] Missing message: "content-manager.content-types.api::process-page.process-page.process_steps" for locale "zh-HK", using default message (process_steps) as fallback.

    at new MissingTranslationError2 (chunk-SD5PZODE.js?v=d5c9a716:3738:26)
    at formatMessage (chunk-SD5PZODE.js?v=d5c9a716:3955:15)
    at formatMessage2 (chunk-SD5PZODE.js?v=d5c9a716:4450:30)
    at getLabel (chunk-VEBGUGPK.js?v=d5c9a716:84289:12)
    at chunk-VEBGUGPK.js?v=d5c9a716:84342:28
    at Array.map (<anonymous>)
    at chunk-VEBGUGPK.js?v=d5c9a716:84333:29
    at Array.map (<anonymous>)
    at chunk-VEBGUGPK.js?v=d5c9a716:84330:27
    at Array.map (<anonymous>)
defaultErrorHandler @ chunk-SD5PZODE.js?v=d5c9a716:3765
chunk-SD5PZODE.js?v=d5c9a716:3765 Error: [@formatjs/intl Error MISSING_TRANSLATION] Missing message: "content-manager.content-types.api::process-page.process-page.manufacturing_capabilities" for locale "zh-HK", using default message (manufacturing_capabilities) as fallback.

    at new MissingTranslationError2 (chunk-SD5PZODE.js?v=d5c9a716:3738:26)
    at formatMessage (chunk-SD5PZODE.js?v=d5c9a716:3955:15)
    at formatMessage2 (chunk-SD5PZODE.js?v=d5c9a716:4450:30)
    at getLabel (chunk-VEBGUGPK.js?v=d5c9a716:84289:12)
    at chunk-VEBGUGPK.js?v=d5c9a716:84342:28
    at Array.map (<anonymous>)
    at chunk-VEBGUGPK.js?v=d5c9a716:84333:29
    at Array.map (<anonymous>)
    at chunk-VEBGUGPK.js?v=d5c9a716:84330:27
    at Array.map (<anonymous>)
defaultErrorHandler @ chunk-SD5PZODE.js?v=d5c9a716:3765
chunk-MJ6TXTYL.js?v=d5c9a716:1319 styled-components: it looks like an unknown prop "attribute" is being sent through to the DOM, which will likely trigger a React console error. If you would like automatic filtering of unknown props, you can opt-into that behavior via `<StyleSheetManager shouldForwardProp={...}>` (connect an API like `@emotion/is-prop-valid`) or consider using transient props (`$` prefix for automatic filtering.)
(匿名) @ chunk-MJ6TXTYL.js?v=d5c9a716:1319
TISProUrlManualScannerLib.js:1 mouseenter href = https://strapi.chargebeeportal.com/
chunk-WO5UURK5.js?v=d5c9a716:691 Uncaught (in promise) TypeError: Cannot convert undefined or null to object
    at Object.assign (<anonymous>)
    at chunk-WO5UURK5.js?v=d5c9a716:691:18
    at e2.produce (chunk-QOUV5O5E.js?v=d5c9a716:496:16)
    at e2.produceWithPatches (chunk-QOUV5O5E.js?v=d5c9a716:521:27)
    at chunk-AL2GTBF6.js?v=d5c9a716:5715:20
    at chunk-VXIYCYSG.js?v=d5c9a716:1364:18
    at chunk-VXIYCYSG.js?v=d5c9a716:1856:32
    at chunk-VXIYCYSG.js?v=d5c9a716:1598:16
    at dispatch (chunk-VXIYCYSG.js?v=d5c9a716:1343:28)
    at onQueryStarted (chunk-WO5UURK5.js?v=d5c9a716:690:29)
chunk-WO5UURK5.js?v=d5c9a716:691 Uncaught (in promise) TypeError: Cannot convert undefined or null to object
    at Object.assign (<anonymous>)
    at chunk-WO5UURK5.js?v=d5c9a716:691:18
    at e2.produce (chunk-QOUV5O5E.js?v=d5c9a716:496:16)
    at e2.produceWithPatches (chunk-QOUV5O5E.js?v=d5c9a716:521:27)
    at chunk-AL2GTBF6.js?v=d5c9a716:5715:20
    at chunk-VXIYCYSG.js?v=d5c9a716:1364:18
    at chunk-VXIYCYSG.js?v=d5c9a716:1856:32
    at chunk-VXIYCYSG.js?v=d5c9a716:1598:16
    at dispatch (chunk-VXIYCYSG.js?v=d5c9a716:1343:28)
    at onQueryStarted (chunk-WO5UURK5.js?v=d5c9a716:690:29)
:1337/content-manager/single-types/api::process-page.process-page?locale=zh-Hant-TW:1  Failed to load resource: the server responded with a status of 400 (Bad Request)
:1337/content-manager/single-types/api::process-page.process-page?locale=zh-Hant-TW:1  Failed to load resource: the server responded with a status of 404 (Not Found)
chunk-SD5PZODE.js?v=d5c9a716:3765 Error: [@formatjs/intl Error MISSING_TRANSLATION] Missing message: "content-manager.content-types.api::process-page.process-page.title" for locale "zh-HK", using default message (title) as fallback.

    at new MissingTranslationError2 (chunk-SD5PZODE.js?v=d5c9a716:3738:26)
    at formatMessage (chunk-SD5PZODE.js?v=d5c9a716:3955:15)
    at formatMessage2 (chunk-SD5PZODE.js?v=d5c9a716:4450:30)
    at getLabel (chunk-VEBGUGPK.js?v=d5c9a716:84289:12)
    at chunk-VEBGUGPK.js?v=d5c9a716:84342:28
    at Array.map (<anonymous>)
    at chunk-VEBGUGPK.js?v=d5c9a716:84333:29
    at Array.map (<anonymous>)
    at chunk-VEBGUGPK.js?v=d5c9a716:84330:27
    at Array.map (<anonymous>)
defaultErrorHandler @ chunk-SD5PZODE.js?v=d5c9a716:3765
chunk-SD5PZODE.js?v=d5c9a716:3765 Error: [@formatjs/intl Error MISSING_TRANSLATION] Missing message: "content-manager.content-types.api::process-page.process-page.subtitle" for locale "zh-HK", using default message (subtitle) as fallback.

    at new MissingTranslationError2 (chunk-SD5PZODE.js?v=d5c9a716:3738:26)
    at formatMessage (chunk-SD5PZODE.js?v=d5c9a716:3955:15)
    at formatMessage2 (chunk-SD5PZODE.js?v=d5c9a716:4450:30)
    at getLabel (chunk-VEBGUGPK.js?v=d5c9a716:84289:12)
    at chunk-VEBGUGPK.js?v=d5c9a716:84342:28
    at Array.map (<anonymous>)
    at chunk-VEBGUGPK.js?v=d5c9a716:84333:29
    at Array.map (<anonymous>)
    at chunk-VEBGUGPK.js?v=d5c9a716:84330:27
    at Array.map (<anonymous>)
defaultErrorHandler @ chunk-SD5PZODE.js?v=d5c9a716:3765
chunk-SD5PZODE.js?v=d5c9a716:3765 Error: [@formatjs/intl Error MISSING_TRANSLATION] Missing message: "content-manager.content-types.api::process-page.process-page.introduction" for locale "zh-HK", using default message (introduction) as fallback.

    at new MissingTranslationError2 (chunk-SD5PZODE.js?v=d5c9a716:3738:26)
    at formatMessage (chunk-SD5PZODE.js?v=d5c9a716:3955:15)
    at formatMessage2 (chunk-SD5PZODE.js?v=d5c9a716:4450:30)
    at getLabel (chunk-VEBGUGPK.js?v=d5c9a716:84289:12)
    at chunk-VEBGUGPK.js?v=d5c9a716:84342:28
    at Array.map (<anonymous>)
    at chunk-VEBGUGPK.js?v=d5c9a716:84333:29
    at Array.map (<anonymous>)
    at chunk-VEBGUGPK.js?v=d5c9a716:84330:27
    at Array.map (<anonymous>)
defaultErrorHandler @ chunk-SD5PZODE.js?v=d5c9a716:3765
chunk-SD5PZODE.js?v=d5c9a716:3765 Error: [@formatjs/intl Error MISSING_TRANSLATION] Missing message: "content-manager.content-types.api::process-page.process-page.process_steps" for locale "zh-HK", using default message (process_steps) as fallback.

    at new MissingTranslationError2 (chunk-SD5PZODE.js?v=d5c9a716:3738:26)
    at formatMessage (chunk-SD5PZODE.js?v=d5c9a716:3955:15)
    at formatMessage2 (chunk-SD5PZODE.js?v=d5c9a716:4450:30)
    at getLabel (chunk-VEBGUGPK.js?v=d5c9a716:84289:12)
    at chunk-VEBGUGPK.js?v=d5c9a716:84342:28
    at Array.map (<anonymous>)
    at chunk-VEBGUGPK.js?v=d5c9a716:84333:29
    at Array.map (<anonymous>)
    at chunk-VEBGUGPK.js?v=d5c9a716:84330:27
    at Array.map (<anonymous>)
defaultErrorHandler @ chunk-SD5PZODE.js?v=d5c9a716:3765
chunk-SD5PZODE.js?v=d5c9a716:3765 Error: [@formatjs/intl Error MISSING_TRANSLATION] Missing message: "content-manager.content-types.api::process-page.process-page.manufacturing_capabilities" for locale "zh-HK", using default message (manufacturing_capabilities) as fallback.

    at new MissingTranslationError2 (chunk-SD5PZODE.js?v=d5c9a716:3738:26)
    at formatMessage (chunk-SD5PZODE.js?v=d5c9a716:3955:15)
    at formatMessage2 (chunk-SD5PZODE.js?v=d5c9a716:4450:30)
    at getLabel (chunk-VEBGUGPK.js?v=d5c9a716:84289:12)
    at chunk-VEBGUGPK.js?v=d5c9a716:84342:28
    at Array.map (<anonymous>)
    at chunk-VEBGUGPK.js?v=d5c9a716:84333:29
    at Array.map (<anonymous>)
    at chunk-VEBGUGPK.js?v=d5c9a716:84330:27
    at Array.map (<anonymous>)
defaultErrorHandler @ chunk-SD5PZODE.js?v=d5c9a716:3765
